Compiling SPICE in /home/hido/Development/GMAT/cspice
This script builds the SPICE delivery
for the cspice package of the toolkit.

The script must be executed from the
cspice directory.


Creating cspice

 
      Setting default compiler:
gcc
 
      Setting default compile options:
      -c -ansi -m64 -O2 -fPIC -DNON_UNIX_STDIO
 
      Setting default link options:
      -lm -m64
 
      Compiling:  abort_.c
      Compiling:  accept.c
      Compiling:  alltru.c
      Compiling:  ana.c
      Compiling:  appndc.c
      Compiling:  appndc_c.c
      Compiling:  appndd.c
      Compiling:  appndd_c.c
      Compiling:  appndi.c
      Compiling:  appndi_c.c
      Compiling:  approx.c
      Compiling:  astrip.c
      Compiling:  axisar.c
      Compiling:  axisar_c.c
      Compiling:  b1900.c
      Compiling:  b1900_c.c
      Compiling:  b1950.c
      Compiling:  b1950_c.c
      Compiling:  backspace.c
      Compiling:  badkpv.c
      Compiling:  badkpv_c.c
      Compiling:  bedec.c
      Compiling:  beint.c
      Compiling:  benum.c
      Compiling:  beuns.c
      Compiling:  bodc2n.c
      Compiling:  bodc2n_c.c
      Compiling:  bodc2s.c
      Compiling:  bodc2s_c.c
      Compiling:  boddef.c
      Compiling:  boddef_c.c
      Compiling:  bodeul.c
      Compiling:  bodfnd.c
      Compiling:  bodfnd_c.c
      Compiling:  bodmat.c
      Compiling:  bodn2c.c
      Compiling:  bodn2c_c.c
      Compiling:  bods2c.c
      Compiling:  bods2c_c.c
      Compiling:  bodvar.c
      Compiling:  bodvar_c.c
      Compiling:  bodvcd.c
      Compiling:  bodvcd_c.c
      Compiling:  bodvrd.c
      Compiling:  bodvrd_c.c
      Compiling:  brcktd.c
      Compiling:  brcktd_c.c
      Compiling:  brckti.c
      Compiling:  brckti_c.c
      Compiling:  bschoc.c
      Compiling:  bschoc_c.c
      Compiling:  bschoi.c
      Compiling:  bschoi_c.c
      Compiling:  bsrchc.c
      Compiling:  bsrchc_c.c
      Compiling:  bsrchd.c
      Compiling:  bsrchd_c.c
      Compiling:  bsrchi.c
      Compiling:  bsrchi_c.c
      Compiling:  byebye.c
      Compiling:  c_abs.c
      Compiling:  cabs.c
      Compiling:  card_c.c
      Compiling:  cardc.c
      Compiling:  cardd.c
      Compiling:  cardi.c
      Compiling:  c_cos.c
      Compiling:  c_div.c
      Compiling:  c_exp.c
      Compiling:  cgv2el.c
      Compiling:  cgv2el_c.c
      Compiling:  chbase.c
      Compiling:  chbder.c
      Compiling:  chbint.c
      Compiling:  chbval.c
      Compiling:  chckid.c
      Compiling:  chgirf.c
      Compiling:  chkin_c.c
      Compiling:  chkout_c.c
      Compiling:  cidfrm_c.c
      Compiling:  ckbsr.c
      Compiling:  ckcls.c
      Compiling:  ckcls_c.c
      Compiling:  ckcov.c
      Compiling:  ckcov_c.c
      Compiling:  cke01.c
      Compiling:  cke02.c
      Compiling:  cke03.c
      Compiling:  cke04.c
      Compiling:  cke05.c
      Compiling:  ckfrot.c
      Compiling:  ckfxfm.c
      Compiling:  ckgpav.c
      Compiling:  ckgpav_c.c
      Compiling:  ckgp.c
      Compiling:  ckgp_c.c
      Compiling:  ckgr01.c
      Compiling:  ckgr02.c
      Compiling:  ckgr03.c
      Compiling:  ckgr04.c
      Compiling:  ckgr05.c
      Compiling:  cklpf_c.c
      Compiling:  ckmeta.c
      Compiling:  cknr01.c
      Compiling:  cknr02.c
      Compiling:  cknr03.c
      Compiling:  cknr04.c
      Compiling:  cknr05.c
      Compiling:  ckobj.c
      Compiling:  ckobj_c.c
      Compiling:  ckopn.c
      Compiling:  ckopn_c.c
      Compiling:  ckpfs.c
      Compiling:  ckr01.c
      Compiling:  ckr02.c
      Compiling:  ckr03.c
      Compiling:  ckr04.c
      Compiling:  ckr05.c
      Compiling:  ckupf_c.c
      Compiling:  ckw01.c
      Compiling:  ckw01_c.c
      Compiling:  ckw02.c
      Compiling:  ckw02_c.c
      Compiling:  ckw03.c
      Compiling:  ckw03_c.c
      Compiling:  ckw04a.c
      Compiling:  ckw04b.c
      Compiling:  ckw04e.c
      Compiling:  ckw05.c
      Compiling:  ckw05_c.c
      Compiling:  clearc.c
      Compiling:  cleard.c
      Compiling:  cleari.c
      Compiling:  clight.c
      Compiling:  clight_c.c
      Compiling:  c_log.c
      Compiling:  close.c
      Compiling:  clpool_c.c
      Compiling:  cmprss.c
      Compiling:  cmprss_c.c
      Compiling:  cnmfrm_c.c
      Compiling:  conics.c
      Compiling:  conics_c.c
      Compiling:  convrt.c
      Compiling:  convrt_c.c
      Compiling:  copy_c.c
      Compiling:  copyc.c
      Compiling:  copyd.c
      Compiling:  copyi.c
      Compiling:  countc.c
      Compiling:  cpos.c
      Compiling:  cpos_c.c
      Compiling:  cposr.c
      Compiling:  cposr_c.c
      Compiling:  c_sin.c
      Compiling:  c_sqrt.c
      Compiling:  cvpool_c.c
      Compiling:  cyacip.c
      Compiling:  cyadip.c
      Compiling:  cyaiip.c
      Compiling:  cyclac.c
      Compiling:  cyclad.c
      Compiling:  cyclai.c
      Compiling:  cyclec.c
      Compiling:  cyllat.c
      Compiling:  cyllat_c.c
      Compiling:  cylrec.c
      Compiling:  cylrec_c.c
      Compiling:  cylsph.c
      Compiling:  cylsph_c.c
      Compiling:  d_abs.c
      Compiling:  d_acos.c
      Compiling:  dacosh.c
      Compiling:  dacosn.c
      Compiling:  dafa2b.c
      Compiling:  dafac.c
      Compiling:  dafac_c.c
      Compiling:  dafah.c
      Compiling:  dafana.c
      Compiling:  dafarr.c
      Compiling:  dafb2a.c
      Compiling:  dafb2t.c
      Compiling:  dafbbs_c.c
      Compiling:  dafbfs_c.c
      Compiling:  dafbt.c
      Compiling:  dafcls_c.c
      Compiling:  dafcs_c.c
      Compiling:  dafdc.c
      Compiling:  dafdc_c.c
      Compiling:  dafec.c
      Compiling:  dafec_c.c
      Compiling:  daffa.c
      Compiling:  daffna_c.c
      Compiling:  daffpa_c.c
      Compiling:  dafgda.c
      Compiling:  dafgda_c.c
      Compiling:  dafgn_c.c
      Compiling:  dafgs_c.c
      Compiling:  dafgsr_c.c
      Compiling:  dafopr_c.c
      Compiling:  dafopw_c.c
      Compiling:  dafps.c
      Compiling:  dafps_c.c
      Compiling:  dafra.c
      Compiling:  dafrcr.c
      Compiling:  dafrda.c
      Compiling:  dafrda_c.c
      Compiling:  dafrfr.c
      Compiling:  dafrfr_c.c
      Compiling:  dafrrr.c
      Compiling:  dafrs_c.c
      Compiling:  dafrwa.c
      Compiling:  dafrwd.c
      Compiling:  daft2b.c
      Compiling:  daftb.c
      Compiling:  dafus_c.c
      Compiling:  dafwcr.c
      Compiling:  dafwda.c
      Compiling:  dafwfr.c
      Compiling:  dasa2l.c
      Compiling:  dasac.c
      Compiling:  dasac_c.c
      Compiling:  dasacr.c
      Compiling:  dasacu.c
      Compiling:  dasadc.c
      Compiling:  dasadd.c
      Compiling:  dasadi.c
      Compiling:  dasbt.c
      Compiling:  dascls.c
      Compiling:  dascls_c.c
      Compiling:  dascud.c
      Compiling:  dasdc.c
      Compiling:  dasec.c
      Compiling:  dasec_c.c
      Compiling:  dasecu.c
      Compiling:  dasfm.c
      Compiling:  d_asin.c
      Compiling:  dasine.c
      Compiling:  dasioc.c
      Compiling:  dasiod.c
      Compiling:  dasioi.c
      Compiling:  daslla.c
      Compiling:  dasopr_c.c
      Compiling:  dasrcr.c
      Compiling:  dasrdc.c
      Compiling:  dasrdd.c
      Compiling:  dasrdi.c
      Compiling:  dasrfr.c
      Compiling:  dasrwr.c
      Compiling:  dassdr.c
      Compiling:  dastb.c
      Compiling:  dasudc.c
      Compiling:  dasudd.c
      Compiling:  dasudi.c
      Compiling:  daswfr.c
      Compiling:  d_atan.c
      Compiling:  datanh.c
      Compiling:  d_atn2.c
      Compiling:  dcbrt.c
      Compiling:  d_cnjg.c
      Compiling:  d_cos.c
      Compiling:  d_cosh.c
      Compiling:  dcyldr.c
      Compiling:  dcyldr_c.c
      Compiling:  d_dim.c
      Compiling:  delfil.c
      Compiling:  deltet.c
      Compiling:  deltet_c.c
      Compiling:  derf_.c
      Compiling:  derfc_.c
      Compiling:  det.c
      Compiling:  det_c.c
      Compiling:  d_exp.c
      Compiling:  dfe.c
      Compiling:  dgeodr.c
      Compiling:  dgeodr_c.c
      Compiling:  dhfa.c
      Compiling:  diags2.c
      Compiling:  diags2_c.c
      Compiling:  diff_c.c
      Compiling:  diffc.c
      Compiling:  diffd.c
      Compiling:  diffi.c
      Compiling:  d_imag.c
      Compiling:  d_int.c
      Compiling:  dlatdr.c
      Compiling:  dlatdr_c.c
      Compiling:  d_lg10.c
      Compiling:  d_log.c
      Compiling:  d_mod.c
      Compiling:  dnearp.c
      Compiling:  d_nint.c
      Compiling:  dolio.c
      Compiling:  dp2hx.c
      Compiling:  dp2hx_c.c
      Compiling:  dpfmt.c
      Compiling:  dpgrdr.c
      Compiling:  dpgrdr_c.c
      Compiling:  dpmax.c
      Compiling:  dpmax_c.c
      Compiling:  dpmin.c
      Compiling:  dpmin_c.c
      Compiling:  dpr.c
      Compiling:  dpr_c.c
      Compiling:  d_prod.c
      Compiling:  dpspce.c
      Compiling:  dpstr.c
      Compiling:  dpstrf.c
      Compiling:  drdcyl.c
      Compiling:  drdcyl_c.c
      Compiling:  drdgeo.c
      Compiling:  drdgeo_c.c
      Compiling:  drdlat.c
      Compiling:  drdlat_c.c
      Compiling:  drdpgr.c
      Compiling:  drdpgr_c.c
      Compiling:  drdsph.c
      Compiling:  drdsph_c.c
      Compiling:  drotat.c
      Compiling:  d_sign.c
      Compiling:  d_sin.c
      Compiling:  d_sinh.c
      Compiling:  dsphdr.c
      Compiling:  dsphdr_c.c
      Compiling:  d_sqrt.c
      Compiling:  d_tan.c
      Compiling:  d_tanh.c
      Compiling:  dtime_.c
      Compiling:  dtpool_c.c
      Compiling:  ducrss.c
      Compiling:  ducrss_c.c
      Compiling:  due.c
      Compiling:  dvcrss.c
      Compiling:  dvcrss_c.c
      Compiling:  dvdot.c
      Compiling:  dvdot_c.c
      Compiling:  dvhat.c
      Compiling:  dvhat_c.c
      Compiling:  dvnorm.c
      Compiling:  dvnorm_c.c
      Compiling:  dvpool_c.c
      Compiling:  dvsep.c
      Compiling:  dvsep_c.c
      Compiling:  dxtrct.c
      Compiling:  edlimb.c
      Compiling:  edlimb_c.c
      Compiling:  edterm.c
      Compiling:  ef1asc_.c
      Compiling:  ef1cmc_.c
      Compiling:  ekacec.c
      Compiling:  ekacec_c.c
      Compiling:  ekaced.c
      Compiling:  ekaced_c.c
      Compiling:  ekacei.c
      Compiling:  ekacei_c.c
      Compiling:  ekaclc.c
      Compiling:  ekaclc_c.c
      Compiling:  ekacld.c
      Compiling:  ekacld_c.c
      Compiling:  ekacli.c
      Compiling:  ekacli_c.c
      Compiling:  ekappr.c
      Compiling:  ekappr_c.c
      Compiling:  ekbseg.c
      Compiling:  ekbseg_c.c
      Compiling:  ekccnt_c.c
      Compiling:  ekcii_c.c
      Compiling:  ekcls.c
      Compiling:  ekcls_c.c
      Compiling:  ekdelr.c
      Compiling:  ekdelr_c.c
      Compiling:  ekffld.c
      Compiling:  ekffld_c.c
      Compiling:  ekfind.c
      Compiling:  ekfind_c.c
      Compiling:  ekgc_c.c
      Compiling:  ekgd_c.c
      Compiling:  ekgi_c.c
      Compiling:  ekifld.c
      Compiling:  ekifld_c.c
      Compiling:  ekinsr.c
      Compiling:  ekinsr_c.c
      Compiling:  eklef_c.c
      Compiling:  eknelt_c.c
      Compiling:  eknseg.c
      Compiling:  eknseg_c.c
      Compiling:  ekntab_c.c
      Compiling:  ekopn.c
      Compiling:  ekopn_c.c
      Compiling:  ekopr.c
      Compiling:  ekopr_c.c
      Compiling:  ekops.c
      Compiling:  ekops_c.c
      Compiling:  ekopw.c
      Compiling:  ekopw_c.c
      Compiling:  ekpsel.c
      Compiling:  ekpsel_c.c
      Compiling:  ekqmgr.c
      Compiling:  ekrcec.c
      Compiling:  ekrcec_c.c
      Compiling:  ekrced.c
      Compiling:  ekrced_c.c
      Compiling:  ekrcei.c
      Compiling:  ekrcei_c.c
      Compiling:  ekshdw.c
      Compiling:  ekssum.c
      Compiling:  ekssum_c.c
      Compiling:  ektnam_c.c
      Compiling:  ekucec.c
      Compiling:  ekucec_c.c
      Compiling:  ekuced.c
      Compiling:  ekuced_c.c
      Compiling:  ekucei.c
      Compiling:  ekucei_c.c
      Compiling:  ekuef_c.c
      Compiling:  el2cgv.c
      Compiling:  el2cgv_c.c
      Compiling:  elemc.c
      Compiling:  elemc_c.c
      Compiling:  elemd.c
      Compiling:  elemd_c.c
      Compiling:  elemi.c
      Compiling:  elemi_c.c
      Compiling:  elltof.c
      Compiling:  enchar.c
      Compiling:  endfile.c
      Compiling:  eqchr.c
      Compiling:  eqncpv.c
      Compiling:  eqstr.c
      Compiling:  eqstr_c.c
      Compiling:  erf_.c
      Compiling:  erfc_.c
      Compiling:  erract.c
      Compiling:  erract_c.c
      Compiling:  err.c
      Compiling:  errch.c
      Compiling:  errch_c.c
      Compiling:  errdev.c
      Compiling:  errdev_c.c
      Compiling:  errdp.c
      Compiling:  errdp_c.c
      Compiling:  errfnm.c
      Compiling:  errhan.c
      Compiling:  errint.c
      Compiling:  errint_c.c
      Compiling:  errprt.c
      Compiling:  errprt_c.c
      Compiling:  esrchc.c
      Compiling:  esrchc_c.c
      Compiling:  et2lst.c
      Compiling:  et2lst_c.c
      Compiling:  et2utc.c
      Compiling:  et2utc_c.c
      Compiling:  etcal.c
      Compiling:  etcal_c.c
      Compiling:  etime_.c
      Compiling:  eul2m.c
      Compiling:  eul2m_c.c
      Compiling:  eul2xf_c.c
      Compiling:  ev2lin.c
      Compiling:  even.c
      Compiling:  exact.c
      Compiling:  excess.c
      Compiling:  exists.c
      Compiling:  exists_c.c
      Compiling:  exit_.c
      Compiling:  expln.c
      Compiling:  expool_c.c
      Compiling:  F77_aloc.c
      Compiling:  failed_c.c
      Compiling:  fetchc.c
      Compiling:  fetchd.c
      Compiling:  fetchi.c
      Compiling:  fillc.c
      Compiling:  filld.c
      Compiling:  filli.c
      Compiling:  fmt.c
      Compiling:  fmtlib.c
      Compiling:  fn2lun.c
      Compiling:  fndlun.c
      Compiling:  fndnwd.c
      Compiling:  frame.c
      Compiling:  frame_c.c
      Compiling:  framex.c
      Compiling:  frinfo_c.c
      Compiling:  frmchg.c
      Compiling:  frmget.c
      Compiling:  frmnam_c.c
      Compiling:  frstnb.c
      Compiling:  frstnp.c
      Compiling:  frstpc.c
      Compiling:  ftell_.c
      Compiling:  ftncls_c.c
      Compiling:  furnsh_c.c
      Compiling:  gcd.c
      Compiling:  gcpool_c.c
      Compiling:  gdpool_c.c
      Compiling:  georec.c
      Compiling:  georec_c.c
      Compiling:  getcml_c.c
      Compiling:  getelm.c
      Compiling:  getelm_c.c
      Compiling:  getenv_.c
      Compiling:  getfat.c
      Compiling:  getfat_c.c
      Compiling:  getfov.c
      Compiling:  getfov_c.c
      Compiling:  getlun.c
      Compiling:  getmsg.c
      Compiling:  getmsg_c.c
      Compiling:  gfbail.c
      Compiling:  gfbail_c.c
      Compiling:  gfclrh_c.c
      Compiling:  gfdist.c
      Compiling:  gfdist_c.c
      Compiling:  gfevnt.c
      Compiling:  gfevnt_c.c
      Compiling:  gffove.c
      Compiling:  gffove_c.c
      Compiling:  gfinth_c.c
      Compiling:  gfocce.c
      Compiling:  gfocce_c.c
      Compiling:  gfoclt.c
      Compiling:  gfoclt_c.c
      Compiling:  gfposc.c
      Compiling:  gfposc_c.c
      Compiling:  gfrefn.c
      Compiling:  gfrefn_c.c
      Compiling:  gfrepf_c.c
      Compiling:  gfrepi_c.c
      Compiling:  gfrepu_c.c
      Compiling:  gfrfov.c
      Compiling:  gfrfov_c.c
      Compiling:  gfrprt.c
      Compiling:  gfrr.c
      Compiling:  gfrr_c.c
      Compiling:  gfsep.c
      Compiling:  gfsep_c.c
      Compiling:  gfsntc.c
      Compiling:  gfsntc_c.c
      Compiling:  gfsstp_c.c
      Compiling:  gfstep.c
      Compiling:  gfstep_c.c
      Compiling:  gfsubc.c
      Compiling:  gfsubc_c.c
      Compiling:  gftfov.c
      Compiling:  gftfov_c.c
      Compiling:  gfuds.c
      Compiling:  gfuds_c.c
      Compiling:  gipool_c.c
      Compiling:  gnpool_c.c
      Compiling:  h_abs.c
      Compiling:  halfpi.c
      Compiling:  halfpi_c.c
      Compiling:  h_dim.c
      Compiling:  h_dnnt.c
      Compiling:  h_indx.c
      Compiling:  h_len.c
      Compiling:  hl_ge.c
      Compiling:  hl_gt.c
      Compiling:  hl_le.c
      Compiling:  hl_lt.c
      Compiling:  h_mod.c
      Compiling:  h_nint.c
      Compiling:  hrmesp.c
      Compiling:  hrmint.c
      Compiling:  h_sign.c
      Compiling:  hx2dp.c
      Compiling:  hx2dp_c.c
      Compiling:  hx2int.c
      Compiling:  hyptof.c
      Compiling:  i_abs.c
      Compiling:  ident.c
      Compiling:  ident_c.c
      Compiling:  i_dim.c
      Compiling:  i_dnnt.c
      Compiling:  idw2at.c
      Compiling:  i_indx.c
      Compiling:  iio.c
      Compiling:  i_len.c
      Compiling:  illum.c
      Compiling:  illum_c.c
      Compiling:  ilnw.c
      Compiling:  ilumin.c
      Compiling:  ilumin_c.c
      Compiling:  i_mod.c
      Compiling:  inedpl.c
      Compiling:  inedpl_c.c
      Compiling:  inelpl.c
      Compiling:  inelpl_c.c
      Compiling:  i_nint.c
      Compiling:  inquire.c
      Compiling:  inrypl.c
      Compiling:  inrypl_c.c
      Compiling:  inslac.c
      Compiling:  inslad.c
      Compiling:  inslai.c
      Compiling:  insrtc.c
      Compiling:  insrtc_c.c
      Compiling:  insrtd.c
      Compiling:  insrtd_c.c
      Compiling:  insrti.c
      Compiling:  insrti_c.c
      Compiling:  inssub.c
      Compiling:  int2hx.c
      Compiling:  inter_c.c
      Compiling:  interc.c
      Compiling:  interd.c
      Compiling:  interi.c
      Compiling:  intmax.c
      Compiling:  intmax_c.c
      Compiling:  intmin.c
      Compiling:  intmin_c.c
      Compiling:  intord.c
      Compiling:  intstr.c
      Compiling:  inttxt.c
      Compiling:  invert.c
      Compiling:  invert_c.c
      Compiling:  invort.c
      Compiling:  invort_c.c
      Compiling:  invstm.c
      Compiling:  ioerr.c
      Compiling:  irftrn.c
      Compiling:  i_sign.c
      Compiling:  iso2utc.c
      Compiling:  isopen.c
      Compiling:  isordv.c
      Compiling:  isordv_c.c
      Compiling:  isrchc.c
      Compiling:  isrchc_c.c
      Compiling:  isrchd.c
      Compiling:  isrchd_c.c
      Compiling:  isrchi.c
      Compiling:  isrchi_c.c
      Compiling:  isrot.c
      Compiling:  isrot_c.c
      Compiling:  iswhsp_c.c
      Compiling:  j1900.c
      Compiling:  j1900_c.c
      Compiling:  j1950.c
      Compiling:  j1950_c.c
      Compiling:  j2000.c
      Compiling:  j2000_c.c
      Compiling:  j2100.c
      Compiling:  j2100_c.c
      Compiling:  jul2gr.c
      Compiling:  jyear.c
      Compiling:  jyear_c.c
      Compiling:  kclear_c.c
      Compiling:  kdata_c.c
      Compiling:  keeper.c
      Compiling:  kepleq.c
      Compiling:  kinfo_c.c
      Compiling:  kpsolv.c
      Compiling:  ktotal_c.c
      Compiling:  kxtrct.c
      Compiling:  kxtrct_c.c
      Compiling:  lastnb.c
      Compiling:  lastnb_c.c
      Compiling:  lastpc.c
      Compiling:  latcyl.c
      Compiling:  latcyl_c.c
      Compiling:  latrec.c
      Compiling:  latrec_c.c
      Compiling:  latsph.c
      Compiling:  latsph_c.c
      Compiling:  lbitbits.c
      Compiling:  lbitshft.c
      Compiling:  lbuild.c
      Compiling:  lcase.c
      Compiling:  lcase_c.c
      Compiling:  ldpool_c.c
      Compiling:  l_ge.c
      Compiling:  lgresp.c
      Compiling:  lgrind.c
      Compiling:  lgrint.c
      Compiling:  l_gt.c
      Compiling:  ljust.c
      Compiling:  l_le.c
      Compiling:  l_lt.c
      Compiling:  lmpool_c.c
      Compiling:  lnkan.c
      Compiling:  lnkfsl.c
      Compiling:  lnkhl.c
      Compiling:  lnkila.c
      Compiling:  lnkilb.c
      Compiling:  lnkini.c
      Compiling:  lnknfn.c
      Compiling:  lnknxt.c
      Compiling:  lnkprv.c
      Compiling:  lnksiz.c
      Compiling:  lnktl.c
      Compiling:  lnkxsl.c
      Compiling:  locati.c
      Compiling:  locln.c
      Compiling:  lparse.c
      Compiling:  lparse_c.c
      Compiling:  lparsm.c
      Compiling:  lparsm_c.c
      Compiling:  lparss.c
      Compiling:  lparss_c.c
      Compiling:  lread.c
      Compiling:  lspcn.c
      Compiling:  lspcn_c.c
      Compiling:  lstcld.c
      Compiling:  lstcli.c
      Compiling:  lstlec.c
      Compiling:  lstlec_c.c
      Compiling:  lstled.c
      Compiling:  lstled_c.c
      Compiling:  lstlei.c
      Compiling:  lstlei_c.c
      Compiling:  lstltc.c
      Compiling:  lstltc_c.c
      Compiling:  lstltd.c
      Compiling:  lstltd_c.c
      Compiling:  lstlti.c
      Compiling:  lstlti_c.c
      Compiling:  ltime.c
      Compiling:  ltime_c.c
      Compiling:  ltrim.c
      Compiling:  lun2fn.c
      Compiling:  lwrite.c
      Compiling:  lx4dec.c
      Compiling:  lx4dec_c.c
      Compiling:  lx4num.c
      Compiling:  lx4num_c.c
      Compiling:  lx4sgn.c
      Compiling:  lx4sgn_c.c
      Compiling:  lx4uns.c
      Compiling:  lx4uns_c.c
      Compiling:  lxname.c
      Compiling:  lxqstr.c
      Compiling:  lxqstr_c.c
      Compiling:  m2eul.c
      Compiling:  m2eul_c.c
      Compiling:  m2q.c
      Compiling:  m2q_c.c
      Compiling:  matchi.c
      Compiling:  matchi_c.c
      Compiling:  matchw.c
      Compiling:  matchw_c.c
      Compiling:  maxac.c
      Compiling:  maxad.c
      Compiling:  maxai.c
      Compiling:  maxd_c.c
      Compiling:  maxi_c.c
      Compiling:  mequ.c
      Compiling:  mequ_c.c
      Compiling:  mequg.c
      Compiling:  mequg_c.c
      Compiling:  minac.c
      Compiling:  minad.c
      Compiling:  minai.c
      Compiling:  mind_c.c
      Compiling:  mini_c.c
      Compiling:  movec.c
      Compiling:  moved.c
      Compiling:  movei.c
      Compiling:  mtxm.c
      Compiling:  mtxm_c.c
      Compiling:  mtxmg.c
      Compiling:  mtxmg_c.c
      Compiling:  mtxv.c
      Compiling:  mtxv_c.c
      Compiling:  mtxvg.c
      Compiling:  mtxvg_c.c
      Compiling:  mxm.c
      Compiling:  mxm_c.c
      Compiling:  mxmg.c
      Compiling:  mxmg_c.c
      Compiling:  mxmt.c
      Compiling:  mxmt_c.c
      Compiling:  mxmtg.c
      Compiling:  mxmtg_c.c
      Compiling:  mxv.c
      Compiling:  mxv_c.c
      Compiling:  mxvg.c
      Compiling:  mxvg_c.c
      Compiling:  namfrm_c.c
      Compiling:  nblen.c
      Compiling:  nbwid.c
      Compiling:  ncpos.c
      Compiling:  ncpos_c.c
      Compiling:  ncposr.c
      Compiling:  ncposr_c.c
      Compiling:  nearpt.c
      Compiling:  nearpt_c.c
      Compiling:  nextwd.c
      Compiling:  notru.c
      Compiling:  nparsd.c
      Compiling:  nparsi.c
      Compiling:  npedln.c
      Compiling:  npedln_c.c
      Compiling:  npelpt.c
      Compiling:  npelpt_c.c
      Compiling:  nplnpt.c
      Compiling:  nplnpt_c.c
      Compiling:  nthwd.c
      Compiling:  nvc2pl.c
      Compiling:  nvc2pl_c.c
      Compiling:  nvp2pl.c
      Compiling:  nvp2pl_c.c
      Compiling:  odd.c
      Compiling:  open.c
      Compiling:  opsgnd.c
      Compiling:  opsgni.c
      Compiling:  ordc.c
      Compiling:  ordc_c.c
      Compiling:  ordd.c
      Compiling:  ordd_c.c
      Compiling:  orderc.c
      Compiling:  orderc_c.c
      Compiling:  orderd.c
      Compiling:  orderd_c.c
      Compiling:  orderi.c
      Compiling:  orderi_c.c
      Compiling:  ordi.c
      Compiling:  ordi_c.c
      Compiling:  oscelt.c
      Compiling:  oscelt_c.c
      Compiling:  outmsg.c
      Compiling:  packac.c
      Compiling:  packad.c
      Compiling:  packai.c
      Compiling:  parsqs.c
      Compiling:  partof.c
      Compiling:  pck03a.c
      Compiling:  pck03b.c
      Compiling:  pck03e.c
      Compiling:  pckbsr.c
      Compiling:  pckcls.c
      Compiling:  pckcov.c
      Compiling:  pckcov_c.c
      Compiling:  pcke02.c
      Compiling:  pcke03.c
      Compiling:  pckeul.c
      Compiling:  pckfrm.c
      Compiling:  pckfrm_c.c
      Compiling:  pcklof_c.c
      Compiling:  pckmat.c
      Compiling:  pckopn.c
      Compiling:  pckpds.c
      Compiling:  pckr02.c
      Compiling:  pckr03.c
      Compiling:  pckuds.c
      Compiling:  pckuof_c.c
      Compiling:  pckw02.c
      Compiling:  pcpool_c.c
      Compiling:  pcwid.c
      Compiling:  pdpool_c.c
      Compiling:  pgrrec.c
      Compiling:  pgrrec_c.c
      Compiling:  pi.c
      Compiling:  pi_c.c
      Compiling:  pipool_c.c
      Compiling:  pjelpl.c
      Compiling:  pjelpl_c.c
      Compiling:  pl2nvc.c
      Compiling:  pl2nvc_c.c
      Compiling:  pl2nvp.c
      Compiling:  pl2nvp_c.c
      Compiling:  pl2psv.c
      Compiling:  pl2psv_c.c
      Compiling:  plnsns.c
      Compiling:  polyds.c
      Compiling:  pool.c
      Compiling:  pos.c
      Compiling:  pos_c.c
      Compiling:  posr.c
      Compiling:  posr_c.c
      Compiling:  pow_ci.c
      Compiling:  pow_dd.c
      Compiling:  pow_di.c
      Compiling:  pow_hh.c
      Compiling:  pow_ii.c
      Compiling:  pow_ri.c
      Compiling:  pow_zi.c
      Compiling:  pow_zz.c
      Compiling:  prefix.c
      Compiling:  prodad.c
      Compiling:  prodai.c
      Compiling:  prompt.c
      Compiling:  prompt_c.c
      Compiling:  prop2b.c
      Compiling:  prop2b_c.c
      Compiling:  prsdp.c
      Compiling:  prsdp_c.c
      Compiling:  prsint.c
      Compiling:  prsint_c.c
      Compiling:  prtenc.c
      Compiling:  prtpkg.c
      Compiling:  psv2pl.c
      Compiling:  psv2pl_c.c
      Compiling:  putact.c
      Compiling:  putcml_c.c
      Compiling:  putdev.c
      Compiling:  putlms.c
      Compiling:  putsms.c
      Compiling:  pxform.c
      Compiling:  pxform_c.c
      Compiling:  q2m.c
      Compiling:  q2m_c.c
      Compiling:  qderiv.c
      Compiling:  qdq2av.c
      Compiling:  qdq2av_c.c
      Compiling:  quote.c
      Compiling:  qxq.c
      Compiling:  qxq_c.c
      Compiling:  r_abs.c
      Compiling:  r_acos.c
      Compiling:  radrec.c
      Compiling:  radrec_c.c
      Compiling:  r_asin.c
      Compiling:  r_atan.c
      Compiling:  r_atn2.c
      Compiling:  rav2xf.c
      Compiling:  rav2xf_c.c
      Compiling:  raxisa.c
      Compiling:  raxisa_c.c
      Compiling:  r_cnjg.c
      Compiling:  r_cos.c
      Compiling:  r_cosh.c
      Compiling:  rdencc.c
      Compiling:  rdencd.c
      Compiling:  rdenci.c
      Compiling:  rdfmt.c
      Compiling:  r_dim.c
      Compiling:  rdker.c
      Compiling:  rdkvar.c
      Compiling:  rdnbl.c
      Compiling:  rdtext.c
      Compiling:  rdtext_c.c
      Compiling:  readla.c
      Compiling:  readln.c
      Compiling:  reccyl.c
      Compiling:  reccyl_c.c
      Compiling:  recgeo.c
      Compiling:  recgeo_c.c
      Compiling:  reclat.c
      Compiling:  reclat_c.c
      Compiling:  recpgr.c
      Compiling:  recpgr_c.c
      Compiling:  recrad.c
      Compiling:  recrad_c.c
      Compiling:  recsph.c
      Compiling:  recsph_c.c
      Compiling:  refchg.c
      Compiling:  remlac.c
      Compiling:  remlad.c
      Compiling:  remlai.c
      Compiling:  removc.c
      Compiling:  removc_c.c
      Compiling:  removd.c
      Compiling:  removd_c.c
      Compiling:  removi.c
      Compiling:  removi_c.c
      Compiling:  remsub.c
      Compiling:  reordc.c
      Compiling:  reordc_c.c
      Compiling:  reordd.c
      Compiling:  reordd_c.c
      Compiling:  reordi.c
      Compiling:  reordi_c.c
      Compiling:  reordl.c
      Compiling:  reordl_c.c
      Compiling:  replch.c
      Compiling:  replwd.c
      Compiling:  repmc.c
      Compiling:  repmc_c.c
      Compiling:  repmct.c
      Compiling:  repmct_c.c
      Compiling:  repmd.c
      Compiling:  repmd_c.c
      Compiling:  repmf.c
      Compiling:  repmf_c.c
      Compiling:  repmi.c
      Compiling:  repmi_c.c
      Compiling:  repmot.c
      Compiling:  repmot_c.c
      Compiling:  repsub.c
      Compiling:  reset.c
      Compiling:  reset_c.c
      Compiling:  return.c
      Compiling:  return_c.c
      Compiling:  rewind.c
      Compiling:  r_exp.c
      Compiling:  r_imag.c
      Compiling:  r_int.c
      Compiling:  rjust.c
      Compiling:  r_lg10.c
      Compiling:  r_log.c
      Compiling:  rmaind.c
      Compiling:  rmaini.c
      Compiling:  rmdupc.c
      Compiling:  rmdupd.c
      Compiling:  rmdupi.c
      Compiling:  r_mod.c
      Compiling:  r_nint.c
      Compiling:  rotate.c
      Compiling:  rotate_c.c
      Compiling:  rotget.c
      Compiling:  rotmat.c
      Compiling:  rotmat_c.c
      Compiling:  rotvec.c
      Compiling:  rotvec_c.c
      Compiling:  rpd.c
      Compiling:  rpd_c.c
      Compiling:  rquad.c
      Compiling:  rquad_c.c
      Compiling:  rsfe.c
      Compiling:  r_sign.c
      Compiling:  r_sin.c
      Compiling:  r_sinh.c
      Compiling:  rsli.c
      Compiling:  rsne.c
      Compiling:  r_sqrt.c
      Compiling:  r_tan.c
      Compiling:  r_tanh.c
      Compiling:  rtrim.c
      Compiling:  saelgv.c
      Compiling:  saelgv_c.c
      Compiling:  samch.c
      Compiling:  samchi.c
      Compiling:  sameai.c
      Compiling:  samsbi.c
      Compiling:  samsub.c
      Compiling:  sc01.c
      Compiling:  scanit.c
      Compiling:  scanrj.c
      Compiling:  scard_c.c
      Compiling:  scardc.c
      Compiling:  scardd.c
      Compiling:  scardi.c
      Compiling:  s_cat.c
      Compiling:  scdecd.c
      Compiling:  scdecd_c.c
      Compiling:  sce2c.c
      Compiling:  sce2c_c.c
      Compiling:  sce2s.c
      Compiling:  sce2s_c.c
      Compiling:  sce2t.c
      Compiling:  sce2t_c.c
      Compiling:  scencd.c
      Compiling:  scencd_c.c
      Compiling:  scfmt.c
      Compiling:  scfmt_c.c
      Compiling:  sclu01.c
      Compiling:  s_cmp.c
      Compiling:  s_copy.c
      Compiling:  scpars.c
      Compiling:  scpart.c
      Compiling:  scpart_c.c
      Compiling:  scps01.c
      Compiling:  scs2e.c
      Compiling:  scs2e_c.c
      Compiling:  sct2e.c
      Compiling:  sct2e_c.c
      Compiling:  sctiks.c
      Compiling:  sctiks_c.c
      Compiling:  sctran.c
      Compiling:  sctype.c
      Compiling:  sdiff_c.c
      Compiling:  sdiffc.c
      Compiling:  sdiffd.c
      Compiling:  sdiffi.c
      Compiling:  set_c.c
      Compiling:  setc.c
      Compiling:  setd.c
      Compiling:  seterr.c
      Compiling:  seti.c
      Compiling:  setmsg.c
      Compiling:  setmsg_c.c
      Compiling:  sfe.c
      Compiling:  sgfcon.c
      Compiling:  sgfpkt.c
      Compiling:  sgfref.c
      Compiling:  sgfrvi.c
      Compiling:  sgmeta.c
      Compiling:  sgseqw.c
      Compiling:  sharpr.c
      Compiling:  shellc.c
      Compiling:  shellc_c.c
      Compiling:  shelld.c
      Compiling:  shelld_c.c
      Compiling:  shelli.c
      Compiling:  shelli_c.c
      Compiling:  shiftc.c
      Compiling:  shiftl.c
      Compiling:  shiftr.c
      Compiling:  sigdgt.c
      Compiling:  sig_die.c
      Compiling:  sigerr.c
      Compiling:  sigerr_c.c
      Compiling:  signal_.c
signal_.c: In function ‘signal_’:
signal_.c:14: warning: cast from pointer to integer of different size
      Compiling:  sincpt.c
      Compiling:  sincpt_c.c
      Compiling:  size_c.c
      Compiling:  sizec.c
      Compiling:  sized.c
      Compiling:  sizei.c
      Compiling:  smsgnd.c
      Compiling:  smsgni.c
      Compiling:  somfls.c
      Compiling:  somtru.c
      Compiling:  s_paus.c
      Compiling:  spca2b.c
      Compiling:  spcac.c
      Compiling:  spcb2a.c
      Compiling:  spcb2t.c
      Compiling:  spcdc.c
      Compiling:  spcec.c
      Compiling:  spcopn.c
      Compiling:  spcrfl.c
      Compiling:  spct2b.c
      Compiling:  spd.c
      Compiling:  spd_c.c
      Compiling:  sphcyl.c
      Compiling:  sphcyl_c.c
      Compiling:  sphlat.c
      Compiling:  sphlat_c.c
      Compiling:  sphrec.c
      Compiling:  sphrec_c.c
      Compiling:  sphsd.c
      Compiling:  spk14a.c
      Compiling:  spk14a_c.c
      Compiling:  spk14b.c
      Compiling:  spk14b_c.c
      Compiling:  spk14e.c
      Compiling:  spk14e_c.c
      Compiling:  spkacs.c
      Compiling:  spkacs_c.c
      Compiling:  spkapo.c
      Compiling:  spkapo_c.c
      Compiling:  spkapp.c
      Compiling:  spkapp_c.c
      Compiling:  spkaps.c
      Compiling:  spkaps_c.c
      Compiling:  spkbsr.c
      Compiling:  spkcls.c
      Compiling:  spkcls_c.c
      Compiling:  spkcov.c
      Compiling:  spkcov_c.c
      Compiling:  spke01.c
      Compiling:  spke02.c
      Compiling:  spke03.c
      Compiling:  spke05.c
      Compiling:  spke08.c
      Compiling:  spke09.c
      Compiling:  spke10.c
      Compiling:  spke12.c
      Compiling:  spke13.c
      Compiling:  spke14.c
      Compiling:  spke15.c
      Compiling:  spke17.c
      Compiling:  spke18.c
      Compiling:  spkez.c
      Compiling:  spkez_c.c
      Compiling:  spkezp.c
      Compiling:  spkezp_c.c
      Compiling:  spkezr.c
      Compiling:  spkezr_c.c
      Compiling:  spkgeo.c
      Compiling:  spkgeo_c.c
      Compiling:  spkgps.c
      Compiling:  spkgps_c.c
      Compiling:  spklef_c.c
      Compiling:  spkltc.c
      Compiling:  spkltc_c.c
      Compiling:  spkobj.c
      Compiling:  spkobj_c.c
      Compiling:  spkopa.c
      Compiling:  spkopa_c.c
      Compiling:  spkopn.c
      Compiling:  spkopn_c.c
      Compiling:  spkpds.c
      Compiling:  spkpds_c.c
      Compiling:  spkpos.c
      Compiling:  spkpos_c.c
      Compiling:  spkpv.c
      Compiling:  spkpvn.c
      Compiling:  spkr01.c
      Compiling:  spkr02.c
      Compiling:  spkr03.c
      Compiling:  spkr05.c
      Compiling:  spkr08.c
      Compiling:  spkr09.c
      Compiling:  spkr10.c
      Compiling:  spkr12.c
      Compiling:  spkr13.c
      Compiling:  spkr14.c
      Compiling:  spkr15.c
      Compiling:  spkr17.c
      Compiling:  spkr18.c
      Compiling:  spks01.c
      Compiling:  spks02.c
      Compiling:  spks03.c
      Compiling:  spks05.c
      Compiling:  spks08.c
      Compiling:  spks09.c
      Compiling:  spks10.c
      Compiling:  spks12.c
      Compiling:  spks13.c
      Compiling:  spks14.c
      Compiling:  spks15.c
      Compiling:  spks17.c
      Compiling:  spks18.c
      Compiling:  spkssb.c
      Compiling:  spkssb_c.c
      Compiling:  spksub.c
      Compiling:  spksub_c.c
      Compiling:  spkuds.c
      Compiling:  spkuds_c.c
      Compiling:  spkuef_c.c
      Compiling:  spkw01.c
      Compiling:  spkw02.c
      Compiling:  spkw02_c.c
      Compiling:  spkw03.c
      Compiling:  spkw03_c.c
      Compiling:  spkw05.c
      Compiling:  spkw05_c.c
      Compiling:  spkw08.c
      Compiling:  spkw08_c.c
      Compiling:  spkw09.c
      Compiling:  spkw09_c.c
      Compiling:  spkw10.c
      Compiling:  spkw10_c.c
      Compiling:  spkw12.c
      Compiling:  spkw12_c.c
      Compiling:  spkw13.c
      Compiling:  spkw13_c.c
      Compiling:  spkw15.c
      Compiling:  spkw15_c.c
      Compiling:  spkw17.c
      Compiling:  spkw17_c.c
      Compiling:  spkw18.c
      Compiling:  spkw18_c.c
      Compiling:  srfrec.c
      Compiling:  srfrec_c.c
      Compiling:  srfxpt.c
      Compiling:  srfxpt_c.c
      Compiling:  s_rnge.c
      Compiling:  ssize_c.c
      Compiling:  ssizec.c
      Compiling:  ssized.c
      Compiling:  ssizei.c
      Compiling:  s_stop.c
      Compiling:  stcc01.c
      Compiling:  stcf01.c
      Compiling:  stcg01.c
      Compiling:  stcl01.c
      Compiling:  stdio.c
      Compiling:  stelab.c
      Compiling:  stelab_c.c
      Compiling:  stlabx.c
      Compiling:  stmp03.c
      Compiling:  stpool.c
      Compiling:  stpool_c.c
      Compiling:  str2et.c
      Compiling:  str2et_c.c
      Compiling:  subpnt.c
      Compiling:  subpnt_c.c
      Compiling:  subpt.c
      Compiling:  subpt_c.c
      Compiling:  subslr.c
      Compiling:  subslr_c.c
      Compiling:  subsol.c
      Compiling:  subsol_c.c
      Compiling:  sue.c
      Compiling:  suffix.c
      Compiling:  sumad.c
      Compiling:  sumad_c.c
      Compiling:  sumai.c
      Compiling:  sumai_c.c
      Compiling:  surfnm.c
      Compiling:  surfnm_c.c
      Compiling:  surfpt.c
      Compiling:  surfpt_c.c
      Compiling:  surfpv.c
      Compiling:  surfpv_c.c
      Compiling:  swapac.c
      Compiling:  swapad.c
      Compiling:  swapai.c
      Compiling:  swapc.c
      Compiling:  swapd.c
      Compiling:  swapi.c
      Compiling:  swpool_c.c
      Compiling:  sxform.c
      Compiling:  sxform_c.c
      Compiling:  sydelc.c
      Compiling:  sydeld.c
      Compiling:  sydeli.c
      Compiling:  sydimc.c
      Compiling:  sydimd.c
      Compiling:  sydimi.c
      Compiling:  sydupc.c
      Compiling:  sydupd.c
      Compiling:  sydupi.c
      Compiling:  syenqc.c
      Compiling:  syenqd.c
      Compiling:  syenqi.c
      Compiling:  syfetc.c
      Compiling:  syfetd.c
      Compiling:  syfeti.c
      Compiling:  sygetc.c
      Compiling:  sygetd.c
      Compiling:  sygeti.c
      Compiling:  synthc.c
      Compiling:  synthd.c
      Compiling:  synthi.c
      Compiling:  syordc.c
      Compiling:  syordd.c
      Compiling:  syordi.c
      Compiling:  sypopc.c
      Compiling:  sypopd.c
      Compiling:  sypopi.c
      Compiling:  sypshc.c
      Compiling:  sypshd.c
      Compiling:  sypshi.c
      Compiling:  syputc.c
      Compiling:  syputd.c
      Compiling:  syputi.c
      Compiling:  syrenc.c
      Compiling:  syrend.c
      Compiling:  syreni.c
      Compiling:  syselc.c
      Compiling:  syseld.c
      Compiling:  syseli.c
      Compiling:  sysetc.c
      Compiling:  sysetd.c
      Compiling:  syseti.c
      Compiling:  system_.c
      Compiling:  sytrnc.c
      Compiling:  sytrnd.c
      Compiling:  sytrni.c
      Compiling:  szpool_c.c
      Compiling:  tcheck.c
      Compiling:  texpyr.c
      Compiling:  timdef.c
      Compiling:  timdef_c.c
      Compiling:  timout.c
      Compiling:  timout_c.c
      Compiling:  tipbod.c
      Compiling:  tipbod_c.c
      Compiling:  tisbod.c
      Compiling:  tisbod_c.c
      Compiling:  tkfram.c
      Compiling:  tkvrsn.c
      Compiling:  tkvrsn_c.c
      Compiling:  tostdo.c
      Compiling:  touchc.c
      Compiling:  touchd.c
      Compiling:  touchi.c
      Compiling:  touchl.c
      Compiling:  tparse.c
      Compiling:  tparse_c.c
      Compiling:  tpartv.c
      Compiling:  tpictr.c
      Compiling:  tpictr_c.c
      Compiling:  trace.c
      Compiling:  trace_c.c
      Compiling:  traceg.c
      Compiling:  trcoff_c.c
      Compiling:  trcpkg.c
      Compiling:  tsetyr_c.c
      Compiling:  ttrans.c
      Compiling:  twopi.c
      Compiling:  twopi_c.c
      Compiling:  twovec.c
      Compiling:  twovec_c.c
      Compiling:  twovxf.c
      Compiling:  txtopn.c
      Compiling:  txtopr.c
      Compiling:  tyear.c
      Compiling:  tyear_c.c
      Compiling:  typesize.c
      Compiling:  ucase.c
      Compiling:  ucase_c.c
      Compiling:  ucrss.c
      Compiling:  ucrss_c.c
      Compiling:  uddc.c
      Compiling:  uddc_c.c
      Compiling:  uddf.c
      Compiling:  uddf_c.c
      Compiling:  uio.c
      Compiling:  union_c.c
      Compiling:  unionc.c
      Compiling:  uniond.c
      Compiling:  unioni.c
      Compiling:  unitim.c
      Compiling:  unitim_c.c
      Compiling:  unload_c.c
      Compiling:  unorm.c
      Compiling:  unorm_c.c
      Compiling:  unormg.c
      Compiling:  unormg_c.c
      Compiling:  utc2et.c
      Compiling:  utc2et_c.c
      Compiling:  util.c
      Compiling:  vadd.c
      Compiling:  vadd_c.c
      Compiling:  vaddg.c
      Compiling:  vaddg_c.c
      Compiling:  valid_c.c
      Compiling:  validc.c
      Compiling:  validd.c
      Compiling:  validi.c
      Compiling:  vcrss.c
      Compiling:  vcrss_c.c
      Compiling:  vdist.c
      Compiling:  vdist_c.c
      Compiling:  vdistg.c
      Compiling:  vdistg_c.c
      Compiling:  vdot.c
      Compiling:  vdot_c.c
      Compiling:  vdotg.c
      Compiling:  vdotg_c.c
      Compiling:  vequ.c
      Compiling:  vequ_c.c
      Compiling:  vequg.c
      Compiling:  vequg_c.c
      Compiling:  vhat.c
      Compiling:  vhat_c.c
      Compiling:  vhatg.c
      Compiling:  vhatg_c.c
      Compiling:  vhatip.c
      Compiling:  vlcom3.c
      Compiling:  vlcom3_c.c
      Compiling:  vlcom.c
      Compiling:  vlcom_c.c
      Compiling:  vlcomg.c
      Compiling:  vlcomg_c.c
      Compiling:  vminug.c
      Compiling:  vminug_c.c
      Compiling:  vminus.c
      Compiling:  vminus_c.c
      Compiling:  vnorm.c
      Compiling:  vnorm_c.c
      Compiling:  vnormg.c
      Compiling:  vnormg_c.c
      Compiling:  vpack.c
      Compiling:  vpack_c.c
      Compiling:  vperp.c
      Compiling:  vperp_c.c
      Compiling:  vprjp.c
      Compiling:  vprjp_c.c
      Compiling:  vprjpi.c
      Compiling:  vprjpi_c.c
      Compiling:  vproj.c
      Compiling:  vproj_c.c
      Compiling:  vprojg.c
      Compiling:  vrel.c
      Compiling:  vrel_c.c
      Compiling:  vrelg.c
      Compiling:  vrelg_c.c
      Compiling:  vrotv.c
      Compiling:  vrotv_c.c
      Compiling:  vscl.c
      Compiling:  vscl_c.c
      Compiling:  vsclg.c
      Compiling:  vsclg_c.c
      Compiling:  vsclip.c
      Compiling:  vsep.c
      Compiling:  vsep_c.c
      Compiling:  vsepg.c
      Compiling:  vsepg_c.c
      Compiling:  vsub.c
      Compiling:  vsub_c.c
      Compiling:  vsubg.c
      Compiling:  vsubg_c.c
      Compiling:  vtmv.c
      Compiling:  vtmv_c.c
      Compiling:  vtmvg.c
      Compiling:  vtmvg_c.c
      Compiling:  vupack.c
      Compiling:  vupack_c.c
      Compiling:  vzero.c
      Compiling:  vzero_c.c
      Compiling:  vzerog.c
      Compiling:  vzerog_c.c
      Compiling:  wdcnt.c
      Compiling:  wdindx.c
      Compiling:  wncard.c
      Compiling:  wncard_c.c
      Compiling:  wncomd.c
      Compiling:  wncomd_c.c
      Compiling:  wncond.c
      Compiling:  wncond_c.c
      Compiling:  wndifd.c
      Compiling:  wndifd_c.c
      Compiling:  wnelmd.c
      Compiling:  wnelmd_c.c
      Compiling:  wnexpd.c
      Compiling:  wnexpd_c.c
      Compiling:  wnextd.c
      Compiling:  wnextd_c.c
      Compiling:  wnfetd.c
      Compiling:  wnfetd_c.c
      Compiling:  wnfild.c
      Compiling:  wnfild_c.c
      Compiling:  wnfltd.c
      Compiling:  wnfltd_c.c
      Compiling:  wnincd.c
      Compiling:  wnincd_c.c
      Compiling:  wninsd.c
      Compiling:  wninsd_c.c
      Compiling:  wnintd.c
      Compiling:  wnintd_c.c
      Compiling:  wnreld.c
      Compiling:  wnreld_c.c
      Compiling:  wnsumd.c
      Compiling:  wnsumd_c.c
      Compiling:  wnunid.c
      Compiling:  wnunid_c.c
      Compiling:  wnvald.c
      Compiling:  wnvald_c.c
      Compiling:  wref.c
      Compiling:  wrencc.c
      Compiling:  wrencd.c
      Compiling:  wrenci.c
      Compiling:  writla.c
      Compiling:  writln.c
      Compiling:  wrkvar.c
      Compiling:  wrline.c
      Compiling:  wrtfmt.c
      Compiling:  wsfe.c
      Compiling:  wsle.c
      Compiling:  wsne.c
      Compiling:  xf2eul.c
      Compiling:  xf2eul_c.c
      Compiling:  xf2rav.c
      Compiling:  xf2rav_c.c
      Compiling:  xposbl.c
      Compiling:  xpose6_c.c
      Compiling:  xpose.c
      Compiling:  xpose_c.c
      Compiling:  xposeg.c
      Compiling:  xposeg_c.c
      Compiling:  xpsgip.c
      Compiling:  xwsne.c
      Compiling:  z_abs.c
      Compiling:  z_cos.c
      Compiling:  z_div.c
      Compiling:  z_exp.c
      Compiling:  z_log.c
      Compiling:  z_sin.c
      Compiling:  z_sqrt.c
      Compiling:  zzadbail_c.c
      Compiling:  zzadfunc_c.c
      Compiling:  zzadqdec_c.c
      Compiling:  zzadrefn_c.c
      Compiling:  zzadrepf_c.c
      Compiling:  zzadrepi_c.c
      Compiling:  zzadrepu_c.c
      Compiling:  zzadsave_c.c
      Compiling:  zzadstep_c.c
      Compiling:  zzalloc.c
      Compiling:  zzascii.c
      Compiling:  zzasryel.c
      Compiling:  zzbodblt.c
      Compiling:  zzbodbry.c
      Compiling:  zzbodini.c
      Compiling:  zzbodker.c
      Compiling:  zzbodtrn.c
      Compiling:  zzbodvcd.c
      Compiling:  zzck4d2i.c
      Compiling:  zzck4i2d.c
      Compiling:  zzckcv01.c
      Compiling:  zzckcv02.c
      Compiling:  zzckcv03.c
      Compiling:  zzckcv04.c
      Compiling:  zzckcv05.c
      Compiling:  zzckspk.c
      Compiling:  zzcln.c
      Compiling:  zzcorepc.c
      Compiling:  zzcorsxf.c
      Compiling:  zzcputim.c
      Compiling:  zzdafgdr.c
      Compiling:  zzdafgfr.c
      Compiling:  zzdafgsr.c
      Compiling:  zzdafnfr.c
      Compiling:  zzdasnfr.c
      Compiling:  zzddhclu.c
      Compiling:  zzddhf2h.c
      Compiling:  zzddhgsd.c
      Compiling:  zzddhgtu.c
      Compiling:  zzddhini.c
      Compiling:  zzddhivf.c
      Compiling:  zzddhman.c
      Compiling:  zzddhppf.c
      Compiling:  zzddhrcm.c
      Compiling:  zzddhrmu.c
      Compiling:  zzdynbid.c
      Compiling:  zzdynfid.c
      Compiling:  zzdynfr0.c
      Compiling:  zzdynfrm.c
      Compiling:  zzdynoac.c
      Compiling:  zzdynoad.c
      Compiling:  zzdynrot.c
      Compiling:  zzdynrt0.c
      Compiling:  zzdynvac.c
      Compiling:  zzdynvad.c
      Compiling:  zzdynvai.c
      Compiling:  zzedterm.c
      Compiling:  zzekac01.c
      Compiling:  zzekac02.c
      Compiling:  zzekac03.c
      Compiling:  zzekac04.c
      Compiling:  zzekac05.c
      Compiling:  zzekac06.c
      Compiling:  zzekac07.c
      Compiling:  zzekac08.c
      Compiling:  zzekac09.c
      Compiling:  zzekacps.c
      Compiling:  zzekad01.c
      Compiling:  zzekad02.c
      Compiling:  zzekad03.c
      Compiling:  zzekad04.c
      Compiling:  zzekad05.c
      Compiling:  zzekad06.c
      Compiling:  zzekaps.c
      Compiling:  zzekbs01.c
      Compiling:  zzekbs02.c
      Compiling:  zzekcchk.c
      Compiling:  zzekcdsc.c
      Compiling:  zzekcix1.c
      Compiling:  zzekcnam.c
      Compiling:  zzekde01.c
      Compiling:  zzekde02.c
      Compiling:  zzekde03.c
      Compiling:  zzekde04.c
      Compiling:  zzekde05.c
      Compiling:  zzekde06.c
      Compiling:  zzekdps.c
      Compiling:  zzekecmp.c
      Compiling:  zzekencd.c
      Compiling:  zzekerc1.c
      Compiling:  zzekerd1.c
      Compiling:  zzekeri1.c
      Compiling:  zzekesiz.c
      Compiling:  zzekff01.c
      Compiling:  zzekfrx.c
      Compiling:  zzekgcdp.c
      Compiling:  zzekgei.c
      Compiling:  zzekgfwd.c
      Compiling:  zzekglnk.c
      Compiling:  zzekgrcp.c
      Compiling:  zzekgrs.c
      Compiling:  zzekif01.c
      Compiling:  zzekif02.c
      Compiling:  zzekiic1.c
      Compiling:  zzekiid1.c
      Compiling:  zzekiii1.c
      Compiling:  zzekille.c
      Compiling:  zzekillt.c
      Compiling:  zzekinqc.c
      Compiling:  zzekinqn.c
      Compiling:  zzekixdl.c
      Compiling:  zzekixlk.c
      Compiling:  zzekjoin.c
      Compiling:  zzekjsqz.c
      Compiling:  zzekjsrt.c
      Compiling:  zzekjtst.c
      Compiling:  zzekkey.c
      Compiling:  zzeklerc.c
      Compiling:  zzeklerd.c
      Compiling:  zzekleri.c
      Compiling:  zzekllec.c
      Compiling:  zzeklled.c
      Compiling:  zzekllei.c
      Compiling:  zzeklltc.c
      Compiling:  zzeklltd.c
      Compiling:  zzekllti.c
      Compiling:  zzekmloc.c
      Compiling:  zzeknres.c
      Compiling:  zzeknrml.c
      Compiling:  zzekordc.c
      Compiling:  zzekordd.c
      Compiling:  zzekordi.c
      Compiling:  zzekpage.c
      Compiling:  zzekpars.c
      Compiling:  zzekpcol.c
      Compiling:  zzekpdec.c
      Compiling:  zzekpgch.c
      Compiling:  zzekqcnj.c
      Compiling:  zzekqcon.c
      Compiling:  zzekqini.c
      Compiling:  zzekqord.c
      Compiling:  zzekqsel.c
      Compiling:  zzekqtab.c
      Compiling:  zzekrbck.c
      Compiling:  zzekrcmp.c
      Compiling:  zzekrd01.c
      Compiling:  zzekrd02.c
      Compiling:  zzekrd03.c
      Compiling:  zzekrd04.c
      Compiling:  zzekrd05.c
      Compiling:  zzekrd06.c
      Compiling:  zzekrd07.c
      Compiling:  zzekrd08.c
      Compiling:  zzekrd09.c
      Compiling:  zzekreqi.c
      Compiling:  zzekrmch.c
      Compiling:  zzekrp2n.c
      Compiling:  zzekrplk.c
      Compiling:  zzekrsc.c
      Compiling:  zzekrsd.c
      Compiling:  zzekrsi.c
      Compiling:  zzeksca.c
      Compiling:  zzekscan.c
      Compiling:  zzekscdp.c
      Compiling:  zzekscmp.c
      Compiling:  zzeksdsc.c
      Compiling:  zzeksei.c
      Compiling:  zzeksemc.c
      Compiling:  zzeksfwd.c
      Compiling:  zzeksinf.c
      Compiling:  zzekslnk.c
      Compiling:  zzeksrcp.c
      Compiling:  zzeksrs.c
      Compiling:  zzekstyp.c
      Compiling:  zzeksz04.c
      Compiling:  zzeksz05.c
      Compiling:  zzeksz06.c
      Compiling:  zzektcnv.c
      Compiling:  zzektloc.c
      Compiling:  zzektr13.c
      Compiling:  zzektr1s.c
      Compiling:  zzektr23.c
      Compiling:  zzektr31.c
      Compiling:  zzektr32.c
      Compiling:  zzektrap.c
      Compiling:  zzektrbn.c
      Compiling:  zzektrbs.c
      Compiling:  zzektrdl.c
      Compiling:  zzektrdp.c
      Compiling:  zzektres.c
      Compiling:  zzektrfr.c
      Compiling:  zzektrin.c
      Compiling:  zzektrit.c
      Compiling:  zzektrki.c
      Compiling:  zzektrlk.c
      Compiling:  zzektrls.c
      Compiling:  zzektrnk.c
      Compiling:  zzektrpi.c
      Compiling:  zzektrrk.c
      Compiling:  zzektrsb.c
      Compiling:  zzektrsz.c
      Compiling:  zzektrud.c
      Compiling:  zzektrui.c
      Compiling:  zzekue01.c
      Compiling:  zzekue02.c
      Compiling:  zzekue03.c
      Compiling:  zzekue04.c
      Compiling:  zzekue05.c
      Compiling:  zzekue06.c
      Compiling:  zzekvadr.c
      Compiling:  zzekvcmp.c
      Compiling:  zzekvmch.c
      Compiling:  zzekweed.c
      Compiling:  zzekweqi.c
      Compiling:  zzekwpac.c
      Compiling:  zzekwpai.c
      Compiling:  zzekwpal.c
      Compiling:  zzelvupy.c
      Compiling:  zzenut80.c
      Compiling:  zzeprc76.c
      Compiling:  zzeprcss.c
      Compiling:  zzerror.c
      Compiling:  zzerrorinit.c
      Compiling:  zzfcstring.c
      Compiling:  zzfdat.c
      Compiling:  zzfovaxi.c
      Compiling:  zzfrmch0.c
      Compiling:  zzfrmch1.c
      Compiling:  zzfrmgt0.c
      Compiling:  zzfrmgt1.c
      Compiling:  zzftpchk.c
      Compiling:  zzftpstr.c
      Compiling:  zzgapool.c
      Compiling:  zzgetbff.c
      Compiling:  zzgetcml_c.c
      Compiling:  zzgetelm.c
      Compiling:  zzgfcoq.c
      Compiling:  zzgfcost.c
      Compiling:  zzgfcou.c
      Compiling:  zzgfcprx.c
      Compiling:  zzgfcslv.c
      Compiling:  zzgfdiq.c
      Compiling:  zzgfdiu.c
      Compiling:  zzgfdsps.c
      Compiling:  zzgffvu.c
      Compiling:  zzgflong.c
      Compiling:  zzgfocu.c
      Compiling:  zzgfref.c
      Compiling:  zzgfrel.c
      Compiling:  zzgfrelx.c
      Compiling:  zzgfrpwk.c
      Compiling:  zzgfrrq.c
      Compiling:  zzgfrru.c
      Compiling:  zzgfsavh_c.c
      Compiling:  zzgfsolv.c
      Compiling:  zzgfsolvx.c
      Compiling:  zzgfspq.c
      Compiling:  zzgfspu.c
      Compiling:  zzgfssin.c
      Compiling:  zzgfssob.c
      Compiling:  zzgftreb.c
      Compiling:  zzgfudlt.c
      Compiling:  zzgfwsts.c
      Compiling:  zzgpnm.c
      Compiling:  zzholdd.c
      Compiling:  zzhullax.c
      Compiling:  zzidmap.c
      Compiling:  zzinssub.c
      Compiling:  zzldker.c
      Compiling:  zzmkpc.c
      Compiling:  zzmobliq.c
      Compiling:  zzmsxf.c
      Compiling:  zznofcon.c
      Compiling:  zznrddp.c
      Compiling:  zznwpool.c
      Compiling:  zzocced.c
      Compiling:  zzphsh.c
      Compiling:  zzpini.c
      Compiling:  zzplatfm.c
      Compiling:  zzpltchk.c
      Compiling:  zzprscor.c
      Compiling:  zzrbrkst.c
      Compiling:  zzrefch0.c
      Compiling:  zzrefch1.c
      Compiling:  zzrepsub.c
      Compiling:  zzrept.c
      Compiling:  zzrotgt0.c
      Compiling:  zzrotgt1.c
      Compiling:  zzrtnmat.c
      Compiling:  zzrvar.c
      Compiling:  zzrvbf.c
      Compiling:  zzrxr.c
      Compiling:  zzsclk.c
      Compiling:  zzsecprt.c
      Compiling:  zzsizeok.c
      Compiling:  zzspkac0.c
      Compiling:  zzspkac1.c
      Compiling:  zzspkap0.c
      Compiling:  zzspkap1.c
      Compiling:  zzspkas0.c
      Compiling:  zzspkas1.c
      Compiling:  zzspkez0.c
      Compiling:  zzspkez1.c
      Compiling:  zzspkgo0.c
      Compiling:  zzspkgo1.c
      Compiling:  zzspkgp0.c
      Compiling:  zzspkgp1.c
      Compiling:  zzspklt0.c
      Compiling:  zzspklt1.c
      Compiling:  zzspkpa0.c
      Compiling:  zzspkpa1.c
      Compiling:  zzspksb0.c
      Compiling:  zzspksb1.c
      Compiling:  zzspkzp0.c
      Compiling:  zzspkzp1.c
      Compiling:  zzstelab.c
      Compiling:  zzsynccl_c.c
      Compiling:  zztime.c
      Compiling:  zztpats.c
      Compiling:  zztwovxf.c
      Compiling:  zzutcpm.c
      Compiling:  zzvalcor.c
      Compiling:  zzvstrng.c
      Compiling:  zzwahr.c
      Compiling:  zzwind2d.c
      Compiling:  zzwind.c
      Compiling:  zzwninsd.c
      Compiling:  zzxlated.c
      Compiling:  zzxlatei.c
 
      Inserting objects in the library ../../lib/cspice ...
r - abort_.o
r - accept.o
r - alltru.o
r - ana.o
r - appndc_c.o
r - appndc.o
r - appndd_c.o
r - appndd.o
r - appndi_c.o
r - appndi.o
r - approx.o
r - astrip.o
r - axisar_c.o
r - axisar.o
r - b1900_c.o
r - b1900.o
r - b1950_c.o
r - b1950.o
r - backspace.o
r - badkpv_c.o
r - badkpv.o
r - bedec.o
r - beint.o
r - benum.o
r - beuns.o
r - bodc2n_c.o
r - bodc2n.o
r - bodc2s_c.o
r - bodc2s.o
r - boddef_c.o
r - boddef.o
r - bodeul.o
r - bodfnd_c.o
r - bodfnd.o
r - bodmat.o
r - bodn2c_c.o
r - bodn2c.o
r - bods2c_c.o
r - bods2c.o
r - bodvar_c.o
r - bodvar.o
r - bodvcd_c.o
r - bodvcd.o
r - bodvrd_c.o
r - bodvrd.o
r - brcktd_c.o
r - brcktd.o
r - brckti_c.o
r - brckti.o
r - bschoc_c.o
r - bschoc.o
r - bschoi_c.o
r - bschoi.o
r - bsrchc_c.o
r - bsrchc.o
r - bsrchd_c.o
r - bsrchd.o
r - bsrchi_c.o
r - bsrchi.o
r - byebye.o
r - c_abs.o
r - cabs.o
r - card_c.o
r - cardc.o
r - cardd.o
r - cardi.o
r - c_cos.o
r - c_div.o
r - c_exp.o
r - cgv2el_c.o
r - cgv2el.o
r - chbase.o
r - chbder.o
r - chbint.o
r - chbval.o
r - chckid.o
r - chgirf.o
r - chkin_c.o
r - chkout_c.o
r - cidfrm_c.o
r - ckbsr.o
r - ckcls_c.o
r - ckcls.o
r - ckcov_c.o
r - ckcov.o
r - cke01.o
r - cke02.o
r - cke03.o
r - cke04.o
r - cke05.o
r - ckfrot.o
r - ckfxfm.o
r - ckgpav_c.o
r - ckgpav.o
r - ckgp_c.o
r - ckgp.o
r - ckgr01.o
r - ckgr02.o
r - ckgr03.o
r - ckgr04.o
r - ckgr05.o
r - cklpf_c.o
r - ckmeta.o
r - cknr01.o
r - cknr02.o
r - cknr03.o
r - cknr04.o
r - cknr05.o
r - ckobj_c.o
r - ckobj.o
r - ckopn_c.o
r - ckopn.o
r - ckpfs.o
r - ckr01.o
r - ckr02.o
r - ckr03.o
r - ckr04.o
r - ckr05.o
r - ckupf_c.o
r - ckw01_c.o
r - ckw01.o
r - ckw02_c.o
r - ckw02.o
r - ckw03_c.o
r - ckw03.o
r - ckw04a.o
r - ckw04b.o
r - ckw04e.o
r - ckw05_c.o
r - ckw05.o
r - clearc.o
r - cleard.o
r - cleari.o
r - clight_c.o
r - clight.o
r - c_log.o
r - close.o
r - clpool_c.o
r - cmprss_c.o
r - cmprss.o
r - cnmfrm_c.o
r - conics_c.o
r - conics.o
r - convrt_c.o
r - convrt.o
r - copy_c.o
r - copyc.o
r - copyd.o
r - copyi.o
r - countc.o
r - cpos_c.o
r - cpos.o
r - cposr_c.o
r - cposr.o
r - c_sin.o
r - c_sqrt.o
r - cvpool_c.o
r - cyacip.o
r - cyadip.o
r - cyaiip.o
r - cyclac.o
r - cyclad.o
r - cyclai.o
r - cyclec.o
r - cyllat_c.o
r - cyllat.o
r - cylrec_c.o
r - cylrec.o
r - cylsph_c.o
r - cylsph.o
r - d_abs.o
r - dacosh.o
r - dacosn.o
r - d_acos.o
r - dafa2b.o
r - dafac_c.o
r - dafac.o
r - dafah.o
r - dafana.o
r - dafarr.o
r - dafb2a.o
r - dafb2t.o
r - dafbbs_c.o
r - dafbfs_c.o
r - dafbt.o
r - dafcls_c.o
r - dafcs_c.o
r - dafdc_c.o
r - dafdc.o
r - dafec_c.o
r - dafec.o
r - daffa.o
r - daffna_c.o
r - daffpa_c.o
r - dafgda_c.o
r - dafgda.o
r - dafgn_c.o
r - dafgs_c.o
r - dafgsr_c.o
r - dafopr_c.o
r - dafopw_c.o
r - dafps_c.o
r - dafps.o
r - dafra.o
r - dafrcr.o
r - dafrda_c.o
r - dafrda.o
r - dafrfr_c.o
r - dafrfr.o
r - dafrrr.o
r - dafrs_c.o
r - dafrwa.o
r - dafrwd.o
r - daft2b.o
r - daftb.o
r - dafus_c.o
r - dafwcr.o
r - dafwda.o
r - dafwfr.o
r - dasa2l.o
r - dasac_c.o
r - dasac.o
r - dasacr.o
r - dasacu.o
r - dasadc.o
r - dasadd.o
r - dasadi.o
r - dasbt.o
r - dascls_c.o
r - dascls.o
r - dascud.o
r - dasdc.o
r - dasec_c.o
r - dasec.o
r - dasecu.o
r - dasfm.o
r - dasine.o
r - d_asin.o
r - dasioc.o
r - dasiod.o
r - dasioi.o
r - daslla.o
r - dasopr_c.o
r - dasrcr.o
r - dasrdc.o
r - dasrdd.o
r - dasrdi.o
r - dasrfr.o
r - dasrwr.o
r - dassdr.o
r - dastb.o
r - dasudc.o
r - dasudd.o
r - dasudi.o
r - daswfr.o
r - datanh.o
r - d_atan.o
r - d_atn2.o
r - dcbrt.o
r - d_cnjg.o
r - d_cosh.o
r - d_cos.o
r - dcyldr_c.o
r - dcyldr.o
r - d_dim.o
r - delfil.o
r - deltet_c.o
r - deltet.o
r - derfc_.o
r - derf_.o
r - det_c.o
r - det.o
r - d_exp.o
r - dfe.o
r - dgeodr_c.o
r - dgeodr.o
r - dhfa.o
r - diags2_c.o
r - diags2.o
r - diff_c.o
r - diffc.o
r - diffd.o
r - diffi.o
r - d_imag.o
r - d_int.o
r - dlatdr_c.o
r - dlatdr.o
r - d_lg10.o
r - d_log.o
r - d_mod.o
r - dnearp.o
r - d_nint.o
r - dolio.o
r - dp2hx_c.o
r - dp2hx.o
r - dpfmt.o
r - dpgrdr_c.o
r - dpgrdr.o
r - dpmax_c.o
r - dpmax.o
r - dpmin_c.o
r - dpmin.o
r - dpr_c.o
r - dpr.o
r - d_prod.o
r - dpspce.o
r - dpstrf.o
r - dpstr.o
r - drdcyl_c.o
r - drdcyl.o
r - drdgeo_c.o
r - drdgeo.o
r - drdlat_c.o
r - drdlat.o
r - drdpgr_c.o
r - drdpgr.o
r - drdsph_c.o
r - drdsph.o
r - drotat.o
r - d_sign.o
r - d_sinh.o
r - d_sin.o
r - dsphdr_c.o
r - dsphdr.o
r - d_sqrt.o
r - d_tanh.o
r - d_tan.o
r - dtime_.o
r - dtpool_c.o
r - ducrss_c.o
r - ducrss.o
r - due.o
r - dvcrss_c.o
r - dvcrss.o
r - dvdot_c.o
r - dvdot.o
r - dvhat_c.o
r - dvhat.o
r - dvnorm_c.o
r - dvnorm.o
r - dvpool_c.o
r - dvsep_c.o
r - dvsep.o
r - dxtrct.o
r - edlimb_c.o
r - edlimb.o
r - edterm.o
r - ef1asc_.o
r - ef1cmc_.o
r - ekacec_c.o
r - ekacec.o
r - ekaced_c.o
r - ekaced.o
r - ekacei_c.o
r - ekacei.o
r - ekaclc_c.o
r - ekaclc.o
r - ekacld_c.o
r - ekacld.o
r - ekacli_c.o
r - ekacli.o
r - ekappr_c.o
r - ekappr.o
r - ekbseg_c.o
r - ekbseg.o
r - ekccnt_c.o
r - ekcii_c.o
r - ekcls_c.o
r - ekcls.o
r - ekdelr_c.o
r - ekdelr.o
r - ekffld_c.o
r - ekffld.o
r - ekfind_c.o
r - ekfind.o
r - ekgc_c.o
r - ekgd_c.o
r - ekgi_c.o
r - ekifld_c.o
r - ekifld.o
r - ekinsr_c.o
r - ekinsr.o
r - eklef_c.o
r - eknelt_c.o
r - eknseg_c.o
r - eknseg.o
r - ekntab_c.o
r - ekopn_c.o
r - ekopn.o
r - ekopr_c.o
r - ekopr.o
r - ekops_c.o
r - ekops.o
r - ekopw_c.o
r - ekopw.o
r - ekpsel_c.o
r - ekpsel.o
r - ekqmgr.o
r - ekrcec_c.o
r - ekrcec.o
r - ekrced_c.o
r - ekrced.o
r - ekrcei_c.o
r - ekrcei.o
r - ekshdw.o
r - ekssum_c.o
r - ekssum.o
r - ektnam_c.o
r - ekucec_c.o
r - ekucec.o
r - ekuced_c.o
r - ekuced.o
r - ekucei_c.o
r - ekucei.o
r - ekuef_c.o
r - el2cgv_c.o
r - el2cgv.o
r - elemc_c.o
r - elemc.o
r - elemd_c.o
r - elemd.o
r - elemi_c.o
r - elemi.o
r - elltof.o
r - enchar.o
r - endfile.o
r - eqchr.o
r - eqncpv.o
r - eqstr_c.o
r - eqstr.o
r - erfc_.o
r - erf_.o
r - erract_c.o
r - erract.o
r - errch_c.o
r - errch.o
r - errdev_c.o
r - errdev.o
r - errdp_c.o
r - errdp.o
r - errfnm.o
r - errhan.o
r - errint_c.o
r - errint.o
r - err.o
r - errprt_c.o
r - errprt.o
r - esrchc_c.o
r - esrchc.o
r - et2lst_c.o
r - et2lst.o
r - et2utc_c.o
r - et2utc.o
r - etcal_c.o
r - etcal.o
r - etime_.o
r - eul2m_c.o
r - eul2m.o
r - eul2xf_c.o
r - ev2lin.o
r - even.o
r - exact.o
r - excess.o
r - exists_c.o
r - exists.o
r - exit_.o
r - expln.o
r - expool_c.o
r - F77_aloc.o
r - failed_c.o
r - fetchc.o
r - fetchd.o
r - fetchi.o
r - fillc.o
r - filld.o
r - filli.o
r - fmtlib.o
r - fmt.o
r - fn2lun.o
r - fndlun.o
r - fndnwd.o
r - frame_c.o
r - frame.o
r - framex.o
r - frinfo_c.o
r - frmchg.o
r - frmget.o
r - frmnam_c.o
r - frstnb.o
r - frstnp.o
r - frstpc.o
r - ftell_.o
r - ftncls_c.o
r - furnsh_c.o
r - gcd.o
r - gcpool_c.o
r - gdpool_c.o
r - georec_c.o
r - georec.o
r - getcml_c.o
r - getelm_c.o
r - getelm.o
r - getenv_.o
r - getfat_c.o
r - getfat.o
r - getfov_c.o
r - getfov.o
r - getlun.o
r - getmsg_c.o
r - getmsg.o
r - gfbail_c.o
r - gfbail.o
r - gfclrh_c.o
r - gfdist_c.o
r - gfdist.o
r - gfevnt_c.o
r - gfevnt.o
r - gffove_c.o
r - gffove.o
r - gfinth_c.o
r - gfocce_c.o
r - gfocce.o
r - gfoclt_c.o
r - gfoclt.o
r - gfposc_c.o
r - gfposc.o
r - gfrefn_c.o
r - gfrefn.o
r - gfrepf_c.o
r - gfrepi_c.o
r - gfrepu_c.o
r - gfrfov_c.o
r - gfrfov.o
r - gfrprt.o
r - gfrr_c.o
r - gfrr.o
r - gfsep_c.o
r - gfsep.o
r - gfsntc_c.o
r - gfsntc.o
r - gfsstp_c.o
r - gfstep_c.o
r - gfstep.o
r - gfsubc_c.o
r - gfsubc.o
r - gftfov_c.o
r - gftfov.o
r - gfuds_c.o
r - gfuds.o
r - gipool_c.o
r - gnpool_c.o
r - h_abs.o
r - halfpi_c.o
r - halfpi.o
r - h_dim.o
r - h_dnnt.o
r - h_indx.o
r - h_len.o
r - hl_ge.o
r - hl_gt.o
r - hl_le.o
r - hl_lt.o
r - h_mod.o
r - h_nint.o
r - hrmesp.o
r - hrmint.o
r - h_sign.o
r - hx2dp_c.o
r - hx2dp.o
r - hx2int.o
r - hyptof.o
r - i_abs.o
r - ident_c.o
r - ident.o
r - i_dim.o
r - i_dnnt.o
r - idw2at.o
r - i_indx.o
r - iio.o
r - i_len.o
r - illum_c.o
r - illum.o
r - ilnw.o
r - ilumin_c.o
r - ilumin.o
r - i_mod.o
r - inedpl_c.o
r - inedpl.o
r - inelpl_c.o
r - inelpl.o
r - i_nint.o
r - inquire.o
r - inrypl_c.o
r - inrypl.o
r - inslac.o
r - inslad.o
r - inslai.o
r - insrtc_c.o
r - insrtc.o
r - insrtd_c.o
r - insrtd.o
r - insrti_c.o
r - insrti.o
r - inssub.o
r - int2hx.o
r - inter_c.o
r - interc.o
r - interd.o
r - interi.o
r - intmax_c.o
r - intmax.o
r - intmin_c.o
r - intmin.o
r - intord.o
r - intstr.o
r - inttxt.o
r - invert_c.o
r - invert.o
r - invort_c.o
r - invort.o
r - invstm.o
r - ioerr.o
r - irftrn.o
r - i_sign.o
r - iso2utc.o
r - isopen.o
r - isordv_c.o
r - isordv.o
r - isrchc_c.o
r - isrchc.o
r - isrchd_c.o
r - isrchd.o
r - isrchi_c.o
r - isrchi.o
r - isrot_c.o
r - isrot.o
r - iswhsp_c.o
r - j1900_c.o
r - j1900.o
r - j1950_c.o
r - j1950.o
r - j2000_c.o
r - j2000.o
r - j2100_c.o
r - j2100.o
r - jul2gr.o
r - jyear_c.o
r - jyear.o
r - kclear_c.o
r - kdata_c.o
r - keeper.o
r - kepleq.o
r - kinfo_c.o
r - kpsolv.o
r - ktotal_c.o
r - kxtrct_c.o
r - kxtrct.o
r - lastnb_c.o
r - lastnb.o
r - lastpc.o
r - latcyl_c.o
r - latcyl.o
r - latrec_c.o
r - latrec.o
r - latsph_c.o
r - latsph.o
r - lbitbits.o
r - lbitshft.o
r - lbuild.o
r - lcase_c.o
r - lcase.o
r - ldpool_c.o
r - l_ge.o
r - lgresp.o
r - lgrind.o
r - lgrint.o
r - l_gt.o
r - ljust.o
r - l_le.o
r - l_lt.o
r - lmpool_c.o
r - lnkan.o
r - lnkfsl.o
r - lnkhl.o
r - lnkila.o
r - lnkilb.o
r - lnkini.o
r - lnknfn.o
r - lnknxt.o
r - lnkprv.o
r - lnksiz.o
r - lnktl.o
r - lnkxsl.o
r - locati.o
r - locln.o
r - lparse_c.o
r - lparse.o
r - lparsm_c.o
r - lparsm.o
r - lparss_c.o
r - lparss.o
r - lread.o
r - lspcn_c.o
r - lspcn.o
r - lstcld.o
r - lstcli.o
r - lstlec_c.o
r - lstlec.o
r - lstled_c.o
r - lstled.o
r - lstlei_c.o
r - lstlei.o
r - lstltc_c.o
r - lstltc.o
r - lstltd_c.o
r - lstltd.o
r - lstlti_c.o
r - lstlti.o
r - ltime_c.o
r - ltime.o
r - ltrim.o
r - lun2fn.o
r - lwrite.o
r - lx4dec_c.o
r - lx4dec.o
r - lx4num_c.o
r - lx4num.o
r - lx4sgn_c.o
r - lx4sgn.o
r - lx4uns_c.o
r - lx4uns.o
r - lxname.o
r - lxqstr_c.o
r - lxqstr.o
r - m2eul_c.o
r - m2eul.o
r - m2q_c.o
r - m2q.o
r - matchi_c.o
r - matchi.o
r - matchw_c.o
r - matchw.o
r - maxac.o
r - maxad.o
r - maxai.o
r - maxd_c.o
r - maxi_c.o
r - mequ_c.o
r - mequg_c.o
r - mequg.o
r - mequ.o
r - minac.o
r - minad.o
r - minai.o
r - mind_c.o
r - mini_c.o
r - movec.o
r - moved.o
r - movei.o
r - mtxm_c.o
r - mtxmg_c.o
r - mtxmg.o
r - mtxm.o
r - mtxv_c.o
r - mtxvg_c.o
r - mtxvg.o
r - mtxv.o
r - mxm_c.o
r - mxmg_c.o
r - mxmg.o
r - mxm.o
r - mxmt_c.o
r - mxmtg_c.o
r - mxmtg.o
r - mxmt.o
r - mxv_c.o
r - mxvg_c.o
r - mxvg.o
r - mxv.o
r - namfrm_c.o
r - nblen.o
r - nbwid.o
r - ncpos_c.o
r - ncpos.o
r - ncposr_c.o
r - ncposr.o
r - nearpt_c.o
r - nearpt.o
r - nextwd.o
r - notru.o
r - nparsd.o
r - nparsi.o
r - npedln_c.o
r - npedln.o
r - npelpt_c.o
r - npelpt.o
r - nplnpt_c.o
r - nplnpt.o
r - nthwd.o
r - nvc2pl_c.o
r - nvc2pl.o
r - nvp2pl_c.o
r - nvp2pl.o
r - odd.o
r - open.o
r - opsgnd.o
r - opsgni.o
r - ordc_c.o
r - ordc.o
r - ordd_c.o
r - ordd.o
r - orderc_c.o
r - orderc.o
r - orderd_c.o
r - orderd.o
r - orderi_c.o
r - orderi.o
r - ordi_c.o
r - ordi.o
r - oscelt_c.o
r - oscelt.o
r - outmsg.o
r - packac.o
r - packad.o
r - packai.o
r - parsqs.o
r - partof.o
r - pck03a.o
r - pck03b.o
r - pck03e.o
r - pckbsr.o
r - pckcls.o
r - pckcov_c.o
r - pckcov.o
r - pcke02.o
r - pcke03.o
r - pckeul.o
r - pckfrm_c.o
r - pckfrm.o
r - pcklof_c.o
r - pckmat.o
r - pckopn.o
r - pckpds.o
r - pckr02.o
r - pckr03.o
r - pckuds.o
r - pckuof_c.o
r - pckw02.o
r - pcpool_c.o
r - pcwid.o
r - pdpool_c.o
r - pgrrec_c.o
r - pgrrec.o
r - pi_c.o
r - pi.o
r - pipool_c.o
r - pjelpl_c.o
r - pjelpl.o
r - pl2nvc_c.o
r - pl2nvc.o
r - pl2nvp_c.o
r - pl2nvp.o
r - pl2psv_c.o
r - pl2psv.o
r - plnsns.o
r - polyds.o
r - pool.o
r - pos_c.o
r - pos.o
r - posr_c.o
r - posr.o
r - pow_ci.o
r - pow_dd.o
r - pow_di.o
r - pow_hh.o
r - pow_ii.o
r - pow_ri.o
r - pow_zi.o
r - pow_zz.o
r - prefix.o
r - prodad.o
r - prodai.o
r - prompt_c.o
r - prompt.o
r - prop2b_c.o
r - prop2b.o
r - prsdp_c.o
r - prsdp.o
r - prsint_c.o
r - prsint.o
r - prtenc.o
r - prtpkg.o
r - psv2pl_c.o
r - psv2pl.o
r - putact.o
r - putcml_c.o
r - putdev.o
r - putlms.o
r - putsms.o
r - pxform_c.o
r - pxform.o
r - q2m_c.o
r - q2m.o
r - qderiv.o
r - qdq2av_c.o
r - qdq2av.o
r - quote.o
r - qxq_c.o
r - qxq.o
r - r_abs.o
r - r_acos.o
r - radrec_c.o
r - radrec.o
r - r_asin.o
r - r_atan.o
r - r_atn2.o
r - rav2xf_c.o
r - rav2xf.o
r - raxisa_c.o
r - raxisa.o
r - r_cnjg.o
r - r_cosh.o
r - r_cos.o
r - rdencc.o
r - rdencd.o
r - rdenci.o
r - rdfmt.o
r - r_dim.o
r - rdker.o
r - rdkvar.o
r - rdnbl.o
r - rdtext_c.o
r - rdtext.o
r - readla.o
r - readln.o
r - reccyl_c.o
r - reccyl.o
r - recgeo_c.o
r - recgeo.o
r - reclat_c.o
r - reclat.o
r - recpgr_c.o
r - recpgr.o
r - recrad_c.o
r - recrad.o
r - recsph_c.o
r - recsph.o
r - refchg.o
r - remlac.o
r - remlad.o
r - remlai.o
r - removc_c.o
r - removc.o
r - removd_c.o
r - removd.o
r - removi_c.o
r - removi.o
r - remsub.o
r - reordc_c.o
r - reordc.o
r - reordd_c.o
r - reordd.o
r - reordi_c.o
r - reordi.o
r - reordl_c.o
r - reordl.o
r - replch.o
r - replwd.o
r - repmc_c.o
r - repmc.o
r - repmct_c.o
r - repmct.o
r - repmd_c.o
r - repmd.o
r - repmf_c.o
r - repmf.o
r - repmi_c.o
r - repmi.o
r - repmot_c.o
r - repmot.o
r - repsub.o
r - reset_c.o
r - reset.o
r - return_c.o
r - return.o
r - rewind.o
r - r_exp.o
r - r_imag.o
r - r_int.o
r - rjust.o
r - r_lg10.o
r - r_log.o
r - rmaind.o
r - rmaini.o
r - rmdupc.o
r - rmdupd.o
r - rmdupi.o
r - r_mod.o
r - r_nint.o
r - rotate_c.o
r - rotate.o
r - rotget.o
r - rotmat_c.o
r - rotmat.o
r - rotvec_c.o
r - rotvec.o
r - rpd_c.o
r - rpd.o
r - rquad_c.o
r - rquad.o
r - rsfe.o
r - r_sign.o
r - r_sinh.o
r - r_sin.o
r - rsli.o
r - rsne.o
r - r_sqrt.o
r - r_tanh.o
r - r_tan.o
r - rtrim.o
r - saelgv_c.o
r - saelgv.o
r - samchi.o
r - samch.o
r - sameai.o
r - samsbi.o
r - samsub.o
r - sc01.o
r - scanit.o
r - scanrj.o
r - scard_c.o
r - scardc.o
r - scardd.o
r - scardi.o
r - s_cat.o
r - scdecd_c.o
r - scdecd.o
r - sce2c_c.o
r - sce2c.o
r - sce2s_c.o
r - sce2s.o
r - sce2t_c.o
r - sce2t.o
r - scencd_c.o
r - scencd.o
r - scfmt_c.o
r - scfmt.o
r - sclu01.o
r - s_cmp.o
r - s_copy.o
r - scpars.o
r - scpart_c.o
r - scpart.o
r - scps01.o
r - scs2e_c.o
r - scs2e.o
r - sct2e_c.o
r - sct2e.o
r - sctiks_c.o
r - sctiks.o
r - sctran.o
r - sctype.o
r - sdiff_c.o
r - sdiffc.o
r - sdiffd.o
r - sdiffi.o
r - set_c.o
r - setc.o
r - setd.o
r - seterr.o
r - seti.o
r - setmsg_c.o
r - setmsg.o
r - sfe.o
r - sgfcon.o
r - sgfpkt.o
r - sgfref.o
r - sgfrvi.o
r - sgmeta.o
r - sgseqw.o
r - sharpr.o
r - shellc_c.o
r - shellc.o
r - shelld_c.o
r - shelld.o
r - shelli_c.o
r - shelli.o
r - shiftc.o
r - shiftl.o
r - shiftr.o
r - sigdgt.o
r - sig_die.o
r - sigerr_c.o
r - sigerr.o
r - signal_.o
r - sincpt_c.o
r - sincpt.o
r - size_c.o
r - sizec.o
r - sized.o
r - sizei.o
r - smsgnd.o
r - smsgni.o
r - somfls.o
r - somtru.o
r - s_paus.o
r - spca2b.o
r - spcac.o
r - spcb2a.o
r - spcb2t.o
r - spcdc.o
r - spcec.o
r - spcopn.o
r - spcrfl.o
r - spct2b.o
r - spd_c.o
r - spd.o
r - sphcyl_c.o
r - sphcyl.o
r - sphlat_c.o
r - sphlat.o
r - sphrec_c.o
r - sphrec.o
r - sphsd.o
r - spk14a_c.o
r - spk14a.o
r - spk14b_c.o
r - spk14b.o
r - spk14e_c.o
r - spk14e.o
r - spkacs_c.o
r - spkacs.o
r - spkapo_c.o
r - spkapo.o
r - spkapp_c.o
r - spkapp.o
r - spkaps_c.o
r - spkaps.o
r - spkbsr.o
r - spkcls_c.o
r - spkcls.o
r - spkcov_c.o
r - spkcov.o
r - spke01.o
r - spke02.o
r - spke03.o
r - spke05.o
r - spke08.o
r - spke09.o
r - spke10.o
r - spke12.o
r - spke13.o
r - spke14.o
r - spke15.o
r - spke17.o
r - spke18.o
r - spkez_c.o
r - spkez.o
r - spkezp_c.o
r - spkezp.o
r - spkezr_c.o
r - spkezr.o
r - spkgeo_c.o
r - spkgeo.o
r - spkgps_c.o
r - spkgps.o
r - spklef_c.o
r - spkltc_c.o
r - spkltc.o
r - spkobj_c.o
r - spkobj.o
r - spkopa_c.o
r - spkopa.o
r - spkopn_c.o
r - spkopn.o
r - spkpds_c.o
r - spkpds.o
r - spkpos_c.o
r - spkpos.o
r - spkpvn.o
r - spkpv.o
r - spkr01.o
r - spkr02.o
r - spkr03.o
r - spkr05.o
r - spkr08.o
r - spkr09.o
r - spkr10.o
r - spkr12.o
r - spkr13.o
r - spkr14.o
r - spkr15.o
r - spkr17.o
r - spkr18.o
r - spks01.o
r - spks02.o
r - spks03.o
r - spks05.o
r - spks08.o
r - spks09.o
r - spks10.o
r - spks12.o
r - spks13.o
r - spks14.o
r - spks15.o
r - spks17.o
r - spks18.o
r - spkssb_c.o
r - spkssb.o
r - spksub_c.o
r - spksub.o
r - spkuds_c.o
r - spkuds.o
r - spkuef_c.o
r - spkw01.o
r - spkw02_c.o
r - spkw02.o
r - spkw03_c.o
r - spkw03.o
r - spkw05_c.o
r - spkw05.o
r - spkw08_c.o
r - spkw08.o
r - spkw09_c.o
r - spkw09.o
r - spkw10_c.o
r - spkw10.o
r - spkw12_c.o
r - spkw12.o
r - spkw13_c.o
r - spkw13.o
r - spkw15_c.o
r - spkw15.o
r - spkw17_c.o
r - spkw17.o
r - spkw18_c.o
r - spkw18.o
r - srfrec_c.o
r - srfrec.o
r - srfxpt_c.o
r - srfxpt.o
r - s_rnge.o
r - ssize_c.o
r - ssizec.o
r - ssized.o
r - ssizei.o
r - s_stop.o
r - stcc01.o
r - stcf01.o
r - stcg01.o
r - stcl01.o
r - stdio.o
r - stelab_c.o
r - stelab.o
r - stlabx.o
r - stmp03.o
r - stpool_c.o
r - stpool.o
r - str2et_c.o
r - str2et.o
r - subpnt_c.o
r - subpnt.o
r - subpt_c.o
r - subpt.o
r - subslr_c.o
r - subslr.o
r - subsol_c.o
r - subsol.o
r - sue.o
r - suffix.o
r - sumad_c.o
r - sumad.o
r - sumai_c.o
r - sumai.o
r - surfnm_c.o
r - surfnm.o
r - surfpt_c.o
r - surfpt.o
r - surfpv_c.o
r - surfpv.o
r - swapac.o
r - swapad.o
r - swapai.o
r - swapc.o
r - swapd.o
r - swapi.o
r - swpool_c.o
r - sxform_c.o
r - sxform.o
r - sydelc.o
r - sydeld.o
r - sydeli.o
r - sydimc.o
r - sydimd.o
r - sydimi.o
r - sydupc.o
r - sydupd.o
r - sydupi.o
r - syenqc.o
r - syenqd.o
r - syenqi.o
r - syfetc.o
r - syfetd.o
r - syfeti.o
r - sygetc.o
r - sygetd.o
r - sygeti.o
r - synthc.o
r - synthd.o
r - synthi.o
r - syordc.o
r - syordd.o
r - syordi.o
r - sypopc.o
r - sypopd.o
r - sypopi.o
r - sypshc.o
r - sypshd.o
r - sypshi.o
r - syputc.o
r - syputd.o
r - syputi.o
r - syrenc.o
r - syrend.o
r - syreni.o
r - syselc.o
r - syseld.o
r - syseli.o
r - sysetc.o
r - sysetd.o
r - syseti.o
r - system_.o
r - sytrnc.o
r - sytrnd.o
r - sytrni.o
r - szpool_c.o
r - tcheck.o
r - texpyr.o
r - timdef_c.o
r - timdef.o
r - timout_c.o
r - timout.o
r - tipbod_c.o
r - tipbod.o
r - tisbod_c.o
r - tisbod.o
r - tkfram.o
r - tkvrsn_c.o
r - tkvrsn.o
r - tostdo.o
r - touchc.o
r - touchd.o
r - touchi.o
r - touchl.o
r - tparse_c.o
r - tparse.o
r - tpartv.o
r - tpictr_c.o
r - tpictr.o
r - trace_c.o
r - traceg.o
r - trace.o
r - trcoff_c.o
r - trcpkg.o
r - tsetyr_c.o
r - ttrans.o
r - twopi_c.o
r - twopi.o
r - twovec_c.o
r - twovec.o
r - twovxf.o
r - txtopn.o
r - txtopr.o
r - tyear_c.o
r - tyear.o
r - typesize.o
r - ucase_c.o
r - ucase.o
r - ucrss_c.o
r - ucrss.o
r - uddc_c.o
r - uddc.o
r - uddf_c.o
r - uddf.o
r - uio.o
r - union_c.o
r - unionc.o
r - uniond.o
r - unioni.o
r - unitim_c.o
r - unitim.o
r - unload_c.o
r - unorm_c.o
r - unormg_c.o
r - unormg.o
r - unorm.o
r - utc2et_c.o
r - utc2et.o
r - util.o
r - vadd_c.o
r - vaddg_c.o
r - vaddg.o
r - vadd.o
r - valid_c.o
r - validc.o
r - validd.o
r - validi.o
r - vcrss_c.o
r - vcrss.o
r - vdist_c.o
r - vdistg_c.o
r - vdistg.o
r - vdist.o
r - vdot_c.o
r - vdotg_c.o
r - vdotg.o
r - vdot.o
r - vequ_c.o
r - vequg_c.o
r - vequg.o
r - vequ.o
r - vhat_c.o
r - vhatg_c.o
r - vhatg.o
r - vhatip.o
r - vhat.o
r - vlcom3_c.o
r - vlcom3.o
r - vlcom_c.o
r - vlcomg_c.o
r - vlcomg.o
r - vlcom.o
r - vminug_c.o
r - vminug.o
r - vminus_c.o
r - vminus.o
r - vnorm_c.o
r - vnormg_c.o
r - vnormg.o
r - vnorm.o
r - vpack_c.o
r - vpack.o
r - vperp_c.o
r - vperp.o
r - vprjp_c.o
r - vprjpi_c.o
r - vprjpi.o
r - vprjp.o
r - vproj_c.o
r - vprojg.o
r - vproj.o
r - vrel_c.o
r - vrelg_c.o
r - vrelg.o
r - vrel.o
r - vrotv_c.o
r - vrotv.o
r - vscl_c.o
r - vsclg_c.o
r - vsclg.o
r - vsclip.o
r - vscl.o
r - vsep_c.o
r - vsepg_c.o
r - vsepg.o
r - vsep.o
r - vsub_c.o
r - vsubg_c.o
r - vsubg.o
r - vsub.o
r - vtmv_c.o
r - vtmvg_c.o
r - vtmvg.o
r - vtmv.o
r - vupack_c.o
r - vupack.o
r - vzero_c.o
r - vzerog_c.o
r - vzerog.o
r - vzero.o
r - wdcnt.o
r - wdindx.o
r - wncard_c.o
r - wncard.o
r - wncomd_c.o
r - wncomd.o
r - wncond_c.o
r - wncond.o
r - wndifd_c.o
r - wndifd.o
r - wnelmd_c.o
r - wnelmd.o
r - wnexpd_c.o
r - wnexpd.o
r - wnextd_c.o
r - wnextd.o
r - wnfetd_c.o
r - wnfetd.o
r - wnfild_c.o
r - wnfild.o
r - wnfltd_c.o
r - wnfltd.o
r - wnincd_c.o
r - wnincd.o
r - wninsd_c.o
r - wninsd.o
r - wnintd_c.o
r - wnintd.o
r - wnreld_c.o
r - wnreld.o
r - wnsumd_c.o
r - wnsumd.o
r - wnunid_c.o
r - wnunid.o
r - wnvald_c.o
r - wnvald.o
r - wref.o
r - wrencc.o
r - wrencd.o
r - wrenci.o
r - writla.o
r - writln.o
r - wrkvar.o
r - wrline.o
r - wrtfmt.o
r - wsfe.o
r - wsle.o
r - wsne.o
r - xf2eul_c.o
r - xf2eul.o
r - xf2rav_c.o
r - xf2rav.o
r - xposbl.o
r - xpose6_c.o
r - xpose_c.o
r - xposeg_c.o
r - xposeg.o
r - xpose.o
r - xpsgip.o
r - xwsne.o
r - z_abs.o
r - z_cos.o
r - z_div.o
r - z_exp.o
r - z_log.o
r - z_sin.o
r - z_sqrt.o
r - zzadbail_c.o
r - zzadfunc_c.o
r - zzadqdec_c.o
r - zzadrefn_c.o
r - zzadrepf_c.o
r - zzadrepi_c.o
r - zzadrepu_c.o
r - zzadsave_c.o
r - zzadstep_c.o
r - zzalloc.o
r - zzascii.o
r - zzasryel.o
r - zzbodblt.o
r - zzbodbry.o
r - zzbodini.o
r - zzbodker.o
r - zzbodtrn.o
r - zzbodvcd.o
r - zzck4d2i.o
r - zzck4i2d.o
r - zzckcv01.o
r - zzckcv02.o
r - zzckcv03.o
r - zzckcv04.o
r - zzckcv05.o
r - zzckspk.o
r - zzcln.o
r - zzcorepc.o
r - zzcorsxf.o
r - zzcputim.o
r - zzdafgdr.o
r - zzdafgfr.o
r - zzdafgsr.o
r - zzdafnfr.o
r - zzdasnfr.o
r - zzddhclu.o
r - zzddhf2h.o
r - zzddhgsd.o
r - zzddhgtu.o
r - zzddhini.o
r - zzddhivf.o
r - zzddhman.o
r - zzddhppf.o
r - zzddhrcm.o
r - zzddhrmu.o
r - zzdynbid.o
r - zzdynfid.o
r - zzdynfr0.o
r - zzdynfrm.o
r - zzdynoac.o
r - zzdynoad.o
r - zzdynrot.o
r - zzdynrt0.o
r - zzdynvac.o
r - zzdynvad.o
r - zzdynvai.o
r - zzedterm.o
r - zzekac01.o
r - zzekac02.o
r - zzekac03.o
r - zzekac04.o
r - zzekac05.o
r - zzekac06.o
r - zzekac07.o
r - zzekac08.o
r - zzekac09.o
r - zzekacps.o
r - zzekad01.o
r - zzekad02.o
r - zzekad03.o
r - zzekad04.o
r - zzekad05.o
r - zzekad06.o
r - zzekaps.o
r - zzekbs01.o
r - zzekbs02.o
r - zzekcchk.o
r - zzekcdsc.o
r - zzekcix1.o
r - zzekcnam.o
r - zzekde01.o
r - zzekde02.o
r - zzekde03.o
r - zzekde04.o
r - zzekde05.o
r - zzekde06.o
r - zzekdps.o
r - zzekecmp.o
r - zzekencd.o
r - zzekerc1.o
r - zzekerd1.o
r - zzekeri1.o
r - zzekesiz.o
r - zzekff01.o
r - zzekfrx.o
r - zzekgcdp.o
r - zzekgei.o
r - zzekgfwd.o
r - zzekglnk.o
r - zzekgrcp.o
r - zzekgrs.o
r - zzekif01.o
r - zzekif02.o
r - zzekiic1.o
r - zzekiid1.o
r - zzekiii1.o
r - zzekille.o
r - zzekillt.o
r - zzekinqc.o
r - zzekinqn.o
r - zzekixdl.o
r - zzekixlk.o
r - zzekjoin.o
r - zzekjsqz.o
r - zzekjsrt.o
r - zzekjtst.o
r - zzekkey.o
r - zzeklerc.o
r - zzeklerd.o
r - zzekleri.o
r - zzekllec.o
r - zzeklled.o
r - zzekllei.o
r - zzeklltc.o
r - zzeklltd.o
r - zzekllti.o
r - zzekmloc.o
r - zzeknres.o
r - zzeknrml.o
r - zzekordc.o
r - zzekordd.o
r - zzekordi.o
r - zzekpage.o
r - zzekpars.o
r - zzekpcol.o
r - zzekpdec.o
r - zzekpgch.o
r - zzekqcnj.o
r - zzekqcon.o
r - zzekqini.o
r - zzekqord.o
r - zzekqsel.o
r - zzekqtab.o
r - zzekrbck.o
r - zzekrcmp.o
r - zzekrd01.o
r - zzekrd02.o
r - zzekrd03.o
r - zzekrd04.o
r - zzekrd05.o
r - zzekrd06.o
r - zzekrd07.o
r - zzekrd08.o
r - zzekrd09.o
r - zzekreqi.o
r - zzekrmch.o
r - zzekrp2n.o
r - zzekrplk.o
r - zzekrsc.o
r - zzekrsd.o
r - zzekrsi.o
r - zzekscan.o
r - zzeksca.o
r - zzekscdp.o
r - zzekscmp.o
r - zzeksdsc.o
r - zzeksei.o
r - zzeksemc.o
r - zzeksfwd.o
r - zzeksinf.o
r - zzekslnk.o
r - zzeksrcp.o
r - zzeksrs.o
r - zzekstyp.o
r - zzeksz04.o
r - zzeksz05.o
r - zzeksz06.o
r - zzektcnv.o
r - zzektloc.o
r - zzektr13.o
r - zzektr1s.o
r - zzektr23.o
r - zzektr31.o
r - zzektr32.o
r - zzektrap.o
r - zzektrbn.o
r - zzektrbs.o
r - zzektrdl.o
r - zzektrdp.o
r - zzektres.o
r - zzektrfr.o
r - zzektrin.o
r - zzektrit.o
r - zzektrki.o
r - zzektrlk.o
r - zzektrls.o
r - zzektrnk.o
r - zzektrpi.o
r - zzektrrk.o
r - zzektrsb.o
r - zzektrsz.o
r - zzektrud.o
r - zzektrui.o
r - zzekue01.o
r - zzekue02.o
r - zzekue03.o
r - zzekue04.o
r - zzekue05.o
r - zzekue06.o
r - zzekvadr.o
r - zzekvcmp.o
r - zzekvmch.o
r - zzekweed.o
r - zzekweqi.o
r - zzekwpac.o
r - zzekwpai.o
r - zzekwpal.o
r - zzelvupy.o
r - zzenut80.o
r - zzeprc76.o
r - zzeprcss.o
r - zzerrorinit.o
r - zzerror.o
r - zzfcstring.o
r - zzfdat.o
r - zzfovaxi.o
r - zzfrmch0.o
r - zzfrmch1.o
r - zzfrmgt0.o
r - zzfrmgt1.o
r - zzftpchk.o
r - zzftpstr.o
r - zzgapool.o
r - zzgetbff.o
r - zzgetcml_c.o
r - zzgetelm.o
r - zzgfcoq.o
r - zzgfcost.o
r - zzgfcou.o
r - zzgfcprx.o
r - zzgfcslv.o
r - zzgfdiq.o
r - zzgfdiu.o
r - zzgfdsps.o
r - zzgffvu.o
r - zzgflong.o
r - zzgfocu.o
r - zzgfref.o
r - zzgfrel.o
r - zzgfrelx.o
r - zzgfrpwk.o
r - zzgfrrq.o
r - zzgfrru.o
r - zzgfsavh_c.o
r - zzgfsolv.o
r - zzgfsolvx.o
r - zzgfspq.o
r - zzgfspu.o
r - zzgfssin.o
r - zzgfssob.o
r - zzgftreb.o
r - zzgfudlt.o
r - zzgfwsts.o
r - zzgpnm.o
r - zzholdd.o
r - zzhullax.o
r - zzidmap.o
r - zzinssub.o
r - zzldker.o
r - zzmkpc.o
r - zzmobliq.o
r - zzmsxf.o
r - zznofcon.o
r - zznrddp.o
r - zznwpool.o
r - zzocced.o
r - zzphsh.o
r - zzpini.o
r - zzplatfm.o
r - zzpltchk.o
r - zzprscor.o
r - zzrbrkst.o
r - zzrefch0.o
r - zzrefch1.o
r - zzrepsub.o
r - zzrept.o
r - zzrotgt0.o
r - zzrotgt1.o
r - zzrtnmat.o
r - zzrvar.o
r - zzrvbf.o
r - zzrxr.o
r - zzsclk.o
r - zzsecprt.o
r - zzsizeok.o
r - zzspkac0.o
r - zzspkac1.o
r - zzspkap0.o
r - zzspkap1.o
r - zzspkas0.o
r - zzspkas1.o
r - zzspkez0.o
r - zzspkez1.o
r - zzspkgo0.o
r - zzspkgo1.o
r - zzspkgp0.o
r - zzspkgp1.o
r - zzspklt0.o
r - zzspklt1.o
r - zzspkpa0.o
r - zzspkpa1.o
r - zzspksb0.o
r - zzspksb1.o
r - zzspkzp0.o
r - zzspkzp1.o
r - zzstelab.o
r - zzsynccl_c.o
r - zztime.o
r - zztpats.o
r - zztwovxf.o
r - zzutcpm.o
r - zzvalcor.o
r - zzvstrng.o
r - zzwahr.o
r - zzwind2d.o
r - zzwind.o
r - zzwninsd.o
r - zzxlated.o
r - zzxlatei.o
 
 

Creating csupport

 
      Setting default compiler:
gcc
 
      Setting default compile options:
      -c -ansi -m64 -O2 -fPIC -DNON_UNIX_STDIO
 
      Setting default link options:
      -lm -m64
 
      Compiling:  batch.c
      Compiling:  bboard_1.c
      Compiling:  bestwd.c
      Compiling:  builtn.c
      Compiling:  cbget_1.c
      Compiling:  cbinit_1.c
      Compiling:  cbput_1.c
      Compiling:  cbrem_1.c
      Compiling:  changu.c
      Compiling:  chbfit.c
      Compiling:  ck3sdn.c
      Compiling:  cmloop.c
      Compiling:  cmmore.c
      Compiling:  cmredo.c
      Compiling:  cmstup.c
      Compiling:  cnfirm_1.c
      Compiling:  cnfirm.c
      Compiling:  convbt.c
      Compiling:  convrt_2.c
      Compiling:  convrt_3.c
      Compiling:  convtb.c
      Compiling:  cputim.c
      Compiling:  crtptr.c
      Compiling:  curtim.c
      Compiling:  cutstr.c
      Compiling:  dafacu.c
      Compiling:  dafecu.c
      Compiling:  dcyphr.c
      Compiling:  dimcb_1.c
      Compiling:  dspvrs.c
      Compiling:  echo.c
      Compiling:  edtcmd.c
      Compiling:  edtcom.c
      Compiling:  exesys.c
      Compiling:  expfnm_1.c
      Compiling:  expfnm_2.c
      Compiling:  flgrpt.c
      Compiling:  fndntk.c
      Compiling:  fndptk.c
      Compiling:  fnducv.c
      Compiling:  getcml.c
      Compiling:  getdel.c
      Compiling:  geteq.c
      Compiling:  getfnm_1.c
      Compiling:  getfnm.c
      Compiling:  getopt_1.c
      Compiling:  getopt_2.c
      Compiling:  getopt.c
      Compiling:  have.c
      Compiling:  header.c
      Compiling:  langua.c
      Compiling:  lbdes_1.c
      Compiling:  lbget_1.c
      Compiling:  lbinit_1.c
      Compiling:  lbins_1.c
      Compiling:  lbpack_1.c
      Compiling:  lbrem_1.c
      Compiling:  lbupd_1.c
      Compiling:  logchk.c
      Compiling:  m2alph.c
      Compiling:  m2begr.c
      Compiling:  m2bodini.c
      Compiling:  m2bodtrn.c
      Compiling:  m2body.c
      Compiling:  m2cal.c
      Compiling:  m2chck.c
      Compiling:  m2clss.c
      Compiling:  m2core.c
      Compiling:  m2day.c
      Compiling:  m2diag.c
      Compiling:  m2engl.c
      Compiling:  m2epoc.c
      Compiling:  m2geta.c
      Compiling:  m2getb.c
      Compiling:  m2getc.c
      Compiling:  m2getd.c
      Compiling:  m2geti.c
      Compiling:  m2gmch.c
      Compiling:  m2have.c
      Compiling:  m2int.c
      Compiling:  m2ints.c
      Compiling:  m2keyw.c
      Compiling:  m2mon.c
      Compiling:  m2name.c
      Compiling:  m2ntem.c
      Compiling:  m2numb.c
      Compiling:  m2pars.c
      Compiling:  m2selb.c
      Compiling:  m2selc.c
      Compiling:  m2seld.c
      Compiling:  m2seli.c
      Compiling:  m2shll.c
      Compiling:  m2term.c
      Compiling:  m2thnq.c
      Compiling:  m2time.c
      Compiling:  m2tran.c
      Compiling:  m2trim.c
      Compiling:  m2unit.c
      Compiling:  m2wmch.c
      Compiling:  m2xist.c
      Compiling:  m2year.c
      Compiling:  makstr.c
      Compiling:  match.c
      Compiling:  matchc.c
      Compiling:  matche.c
      Compiling:  matchm.c
      Compiling:  matcho.c
      Compiling:  meta_2.c
      Compiling:  mspeld.c
      Compiling:  ncodec.c
      Compiling:  ncoded.c
      Compiling:  ncodei.c
      Compiling:  newfil_1.c
      Compiling:  newfil.c
      Compiling:  nicebt_1.c
      Compiling:  niceio_3.c
      Compiling:  nicepr_1.c
      Compiling:  no.c
      Compiling:  nspio.c
      Compiling:  nsplgr.c
      Compiling:  nspopl.c
      Compiling:  nsppwd.c
      Compiling:  nspsav.c
      Compiling:  nspxcp.c
      Compiling:  nthuqt.c
      Compiling:  nthuqw.c
      Compiling:  nxtcom.c
      Compiling:  occurs.c
      Compiling:  pagman.c
      Compiling:  pltfrm.c
      Compiling:  podaec.c
      Compiling:  podaed.c
      Compiling:  podaei.c
      Compiling:  podbec.c
      Compiling:  podbed.c
      Compiling:  podbei.c
      Compiling:  podbgc.c
      Compiling:  podbgd.c
      Compiling:  podbgi.c
      Compiling:  podcgc.c
      Compiling:  podcgd.c
      Compiling:  podcgi.c
      Compiling:  poddgc.c
      Compiling:  poddgd.c
      Compiling:  poddgi.c
      Compiling:  podegc.c
      Compiling:  podegd.c
      Compiling:  podegi.c
      Compiling:  podiec.c
      Compiling:  podied.c
      Compiling:  podiei.c
      Compiling:  podonc.c
      Compiling:  podond.c
      Compiling:  podoni.c
      Compiling:  podrec.c
      Compiling:  podred.c
      Compiling:  podrei.c
      Compiling:  podrgc.c
      Compiling:  podrgd.c
      Compiling:  podrgi.c
      Compiling:  prcomf.c
      Compiling:  prepsn.c
      Compiling:  prtrap.c
      Compiling:  pstack.c
      Compiling:  qlstnb.c
      Compiling:  qmini.c
      Compiling:  qrtrim.c
      Compiling:  qtran.c
      Compiling:  rdstmn.c
      Compiling:  rdstmt.c
      Compiling:  ressym.c
      Compiling:  rptsym.c
      Compiling:  sbget_1.c
      Compiling:  sbinit_1.c
      Compiling:  sbrem_1.c
      Compiling:  sbset_1.c
      Compiling:  scansl.c
      Compiling:  shosym.c
      Compiling:  sizecb_1.c
      Compiling:  spcacb.c
      Compiling:  stran.c
      Compiling:  syptrc.c
      Compiling:  syptri.c
      Compiling:  tabrpt.c
      Compiling:  trnlat.c
      Compiling:  txtops.c
      Compiling:  unitp.c
      Compiling:  upto.c
      Compiling:  utrans_2.c
      Compiling:  zzckcvr2.c
      Compiling:  zzckcvr3.c
      Compiling:  zzckcvr4.c
      Compiling:  zzckcvr5.c
      Compiling:  zzgetenv.c
      Compiling:  zzgetfat.c
      Compiling:  zznsppok.c
      Compiling:  zztxtopn.c
 
      Inserting objects in the library ../../lib/csupport ...
r - batch.o
r - bboard_1.o
r - bestwd.o
r - builtn.o
r - cbget_1.o
r - cbinit_1.o
r - cbput_1.o
r - cbrem_1.o
r - changu.o
r - chbfit.o
r - ck3sdn.o
r - cmloop.o
r - cmmore.o
r - cmredo.o
r - cmstup.o
r - cnfirm_1.o
r - cnfirm.o
r - convbt.o
r - convrt_2.o
r - convrt_3.o
r - convtb.o
r - cputim.o
r - crtptr.o
r - curtim.o
r - cutstr.o
r - dafacu.o
r - dafecu.o
r - dcyphr.o
r - dimcb_1.o
r - dspvrs.o
r - echo.o
r - edtcmd.o
r - edtcom.o
r - exesys.o
r - expfnm_1.o
r - expfnm_2.o
r - flgrpt.o
r - fndntk.o
r - fndptk.o
r - fnducv.o
r - getcml.o
r - getdel.o
r - geteq.o
r - getfnm_1.o
r - getfnm.o
r - getopt_1.o
r - getopt_2.o
r - getopt.o
r - have.o
r - header.o
r - langua.o
r - lbdes_1.o
r - lbget_1.o
r - lbinit_1.o
r - lbins_1.o
r - lbpack_1.o
r - lbrem_1.o
r - lbupd_1.o
r - logchk.o
r - m2alph.o
r - m2begr.o
r - m2bodini.o
r - m2bodtrn.o
r - m2body.o
r - m2cal.o
r - m2chck.o
r - m2clss.o
r - m2core.o
r - m2day.o
r - m2diag.o
r - m2engl.o
r - m2epoc.o
r - m2geta.o
r - m2getb.o
r - m2getc.o
r - m2getd.o
r - m2geti.o
r - m2gmch.o
r - m2have.o
r - m2int.o
r - m2ints.o
r - m2keyw.o
r - m2mon.o
r - m2name.o
r - m2ntem.o
r - m2numb.o
r - m2pars.o
r - m2selb.o
r - m2selc.o
r - m2seld.o
r - m2seli.o
r - m2shll.o
r - m2term.o
r - m2thnq.o
r - m2time.o
r - m2tran.o
r - m2trim.o
r - m2unit.o
r - m2wmch.o
r - m2xist.o
r - m2year.o
r - makstr.o
r - matchc.o
r - matche.o
r - matchm.o
r - match.o
r - matcho.o
r - meta_2.o
r - mspeld.o
r - ncodec.o
r - ncoded.o
r - ncodei.o
r - newfil_1.o
r - newfil.o
r - nicebt_1.o
r - niceio_3.o
r - nicepr_1.o
r - no.o
r - nspio.o
r - nsplgr.o
r - nspopl.o
r - nsppwd.o
r - nspsav.o
r - nspxcp.o
r - nthuqt.o
r - nthuqw.o
r - nxtcom.o
r - occurs.o
r - pagman.o
r - pltfrm.o
r - podaec.o
r - podaed.o
r - podaei.o
r - podbec.o
r - podbed.o
r - podbei.o
r - podbgc.o
r - podbgd.o
r - podbgi.o
r - podcgc.o
r - podcgd.o
r - podcgi.o
r - poddgc.o
r - poddgd.o
r - poddgi.o
r - podegc.o
r - podegd.o
r - podegi.o
r - podiec.o
r - podied.o
r - podiei.o
r - podonc.o
r - podond.o
r - podoni.o
r - podrec.o
r - podred.o
r - podrei.o
r - podrgc.o
r - podrgd.o
r - podrgi.o
r - prcomf.o
r - prepsn.o
r - prtrap.o
r - pstack.o
r - qlstnb.o
r - qmini.o
r - qrtrim.o
r - qtran.o
r - rdstmn.o
r - rdstmt.o
r - ressym.o
r - rptsym.o
r - sbget_1.o
r - sbinit_1.o
r - sbrem_1.o
r - sbset_1.o
r - scansl.o
r - shosym.o
r - sizecb_1.o
r - spcacb.o
r - stran.o
r - syptrc.o
r - syptri.o
r - tabrpt.o
r - trnlat.o
r - txtops.o
r - unitp.o
r - upto.o
r - utrans_2.o
r - zzckcvr2.o
r - zzckcvr3.o
r - zzckcvr4.o
r - zzckcvr5.o
r - zzgetenv.o
r - zzgetfat.o
r - zznsppok.o
r - zztxtopn.o
 
 

Creating brief_c

 
 
      Setting default compiler:
gcc
 
      Setting default compile options:
      -c -ansi -m64 -O2 -DNON_UNIX_STDIO
 
      Setting default link options:
      -lm -m64
 
      Compiling:  brief_main.c
      Compiling:  disply.c
      Compiling:  distim.c
      Compiling:  filtem.c
      Compiling:  getnam.c
      Compiling:  maknam.c
      Compiling:  objact.c
      Compiling:  objadd.c
      Compiling:  objcf1.c
      Compiling:  objcf2.c
      Compiling:  objchk.c
      Compiling:  objcmp.c
      Compiling:  objfnd.c
      Compiling:  objget.c
      Compiling:  objinl.c
      Compiling:  objmod.c
      Compiling:  objnth.c
      Compiling:  objnxt.c
      Compiling:  objrem.c
      Compiling:  objsbc.c
      Compiling:  objsbf.c
      Compiling:  objset.c
      Compiling:  objsiz.c
      Compiling:  objval.c
      Compiling:  prname.c
      Compiling:  rndem.c
      Compiling:  writit.c
 
      Inserting objects in the library locallib ...
a - brief_main.o
a - disply.o
a - distim.o
a - filtem.o
a - getnam.o
a - maknam.o
a - objact.o
a - objadd.o
a - objcf1.o
a - objcf2.o
a - objchk.o
a - objcmp.o
a - objfnd.o
a - objget.o
a - objinl.o
a - objmod.o
a - objnth.o
a - objnxt.o
a - objrem.o
a - objsbc.o
a - objsbf.o
a - objset.o
a - objsiz.o
a - objval.o
a - prname.o
a - rndem.o
a - writit.o
 
 
      Compiling and linking:  brief.px
 

Creating chrnos_c

 
 
      Setting default compiler:
gcc
 
      Setting default compile options:
      -c -ansi -m64 -O2 -DNON_UNIX_STDIO
 
      Setting default link options:
      -lm -m64
 
      Compiling:  chronos_main.c
      Compiling:  crcnst.c
      Compiling:  cronos.c
      Compiling:  dsplay.c
      Compiling:  ls.c
      Compiling:  lstmid.c
      Compiling:  parcml.c
      Compiling:  speakr.c
 
      Inserting objects in the library locallib ...
a - chronos_main.o
a - crcnst.o
a - cronos.o
a - dsplay.o
a - ls.o
a - lstmid.o
a - parcml.o
a - speakr.o
 
 
      Compiling and linking:  chronos.px
 

Creating ckbref_c

 
 
      Setting default compiler:
gcc
 
      Setting default compile options:
      -c -ansi -m64 -O2 -DNON_UNIX_STDIO
 
      Setting default link options:
      -lm -m64
 
      Compiling:  ckbrief_main.c
      Compiling:  dispsm.c
      Compiling:  fixuni.c
      Compiling:  prinst.c
      Compiling:  repmcw.c
      Compiling:  timecn.c
 
      Inserting objects in the library locallib ...
a - ckbrief_main.o
a - dispsm.o
a - fixuni.o
a - prinst.o
a - repmcw.o
a - timecn.o
 
 
      Compiling and linking:  ckbrief.px
 

Creating commnt_c

 
 
      Setting default compiler:
gcc
 
      Setting default compile options:
      -c -ansi -m64 -O2 -DNON_UNIX_STDIO
 
      Setting default link options:
      -lm -m64
 
      Compiling:  clcomm.c
      Compiling:  commnt_main.c
 
      Inserting objects in the library locallib ...
a - clcomm.o
a - commnt_main.o
 
 
      Compiling and linking:  commnt.px
 

Creating cook_c

 
      Setting default compiler:
gcc
 
      Setting default compile options:
      -c -ansi -m64 -O2 -DNON_UNIX_STDIO
 
      Setting default link options:
      -lm -m64
 
 
 
      Compiling and linking:  simple.pgm
Compiling and linking:  simple.pgm
      Compiling and linking:  states.pgm
Compiling and linking:  states.pgm
      Compiling and linking:  subpt.pgm
Compiling and linking:  subpt.pgm
      Compiling and linking:  tictoc.pgm
Compiling and linking:  tictoc.pgm
 

Creating frmdif_c

 
 
      Setting default compiler:
gcc
 
      Setting default compile options:
      -c -ansi -m64 -O2 -DNON_UNIX_STDIO
 
      Setting default link options:
      -lm -m64
 
      Compiling:  chwcml.c
      Compiling:  ckcovr.c
      Compiling:  dpstrp.c
      Compiling:  dr2str.c
      Compiling:  et2str.c
      Compiling:  frmdiff_main.c
      Compiling:  getqav.c
      Compiling:  ldklst.c
      Compiling:  parcml.c
      Compiling:  rtdiff.c
      Compiling:  sc01s2d.c
 
      Inserting objects in the library locallib ...
a - chwcml.o
a - ckcovr.o
a - dpstrp.o
a - dr2str.o
a - et2str.o
a - frmdiff_main.o
a - getqav.o
a - ldklst.o
a - parcml.o
a - rtdiff.o
a - sc01s2d.o
 
 
      Compiling and linking:  frmdiff.px
 

Creating inspkt_c

 
 
      Setting default compiler:
gcc
 
      Setting default compile options:
      -c -ansi -m64 -O2 -DNON_UNIX_STDIO
 
      Setting default link options:
      -lm -m64
 
      Compiling:  bgroup_1.c
      Compiling:  chunk.c
      Compiling:  clmgr.c
      Compiling:  expand.c
      Compiling:  fetcha.c
      Compiling:  fgroup_1.c
      Compiling:  fmtdp.c
      Compiling:  fmtint.c
      Compiling:  fmttim.c
      Compiling:  hlpmen.c
      Compiling:  hlptxt.c
      Compiling:  inspekt_main.c
      Compiling:  inspkn.c
      Compiling:  kerman.c
      Compiling:  list.c
      Compiling:  liter.c
      Compiling:  namxpn.c
      Compiling:  nspcht.c
      Compiling:  nspdel.c
      Compiling:  nspflg.c
      Compiling:  nspfnd.c
      Compiling:  nspfrp.c
      Compiling:  nsphi.c
      Compiling:  nsphlp.c
      Compiling:  nspint.c
      Compiling:  nspset.c
      Compiling:  nspshc.c
      Compiling:  nspsho.c
      Compiling:  nsptab.c
      Compiling:  nsptv.c
      Compiling:  nspvrb.c
      Compiling:  other.c
      Compiling:  param.c
      Compiling:  params.c
      Compiling:  prep.c
      Compiling:  preprc.c
      Compiling:  proc.c
      Compiling:  setchr.c
      Compiling:  size.c
      Compiling:  subtex.c
      Compiling:  tempb.c
      Compiling:  title.c
      Compiling:  tokens.c
      Compiling:  var.c
      Compiling:  wrtnpr.c
      Compiling:  wrtprs.c
      Compiling:  zzhlp000.c
      Compiling:  zzhlp001.c
      Compiling:  zzhlp002.c
      Compiling:  zzhlp003.c
      Compiling:  zzhlp004.c
      Compiling:  zzhlp005.c
      Compiling:  zzhlp006.c
      Compiling:  zzhlp007.c
      Compiling:  zzhlp008.c
      Compiling:  zzhlp009.c
      Compiling:  zzhlp010.c
      Compiling:  zzhlp011.c
      Compiling:  zzhlp012.c
      Compiling:  zzhlp013.c
      Compiling:  zzhlp014.c
      Compiling:  zzhlp015.c
      Compiling:  zzhlp016.c
      Compiling:  zzhlp017.c
      Compiling:  zzhlp018.c
      Compiling:  zzhlp019.c
      Compiling:  zzhlp020.c
      Compiling:  zzhlp021.c
      Compiling:  zzhlp022.c
      Compiling:  zzhlp023.c
      Compiling:  zzhlp024.c
      Compiling:  zzhlp025.c
      Compiling:  zzhlp026.c
      Compiling:  zzhlp027.c
      Compiling:  zzhlp028.c
      Compiling:  zzhlp029.c
      Compiling:  zzhlp030.c
      Compiling:  zzhlp031.c
      Compiling:  zzhlp032.c
 
      Inserting objects in the library locallib ...
a - bgroup_1.o
a - chunk.o
a - clmgr.o
a - expand.o
a - fetcha.o
a - fgroup_1.o
a - fmtdp.o
a - fmtint.o
a - fmttim.o
a - hlpmen.o
a - hlptxt.o
a - inspekt_main.o
a - inspkn.o
a - kerman.o
a - list.o
a - liter.o
a - namxpn.o
a - nspcht.o
a - nspdel.o
a - nspflg.o
a - nspfnd.o
a - nspfrp.o
a - nsphi.o
a - nsphlp.o
a - nspint.o
a - nspset.o
a - nspshc.o
a - nspsho.o
a - nsptab.o
a - nsptv.o
a - nspvrb.o
a - other.o
a - param.o
a - params.o
a - prep.o
a - preprc.o
a - proc.o
a - setchr.o
a - size.o
a - subtex.o
a - tempb.o
a - title.o
a - tokens.o
a - var.o
a - wrtnpr.o
a - wrtprs.o
a - zzhlp000.o
a - zzhlp001.o
a - zzhlp002.o
a - zzhlp003.o
a - zzhlp004.o
a - zzhlp005.o
a - zzhlp006.o
a - zzhlp007.o
a - zzhlp008.o
a - zzhlp009.o
a - zzhlp010.o
a - zzhlp011.o
a - zzhlp012.o
a - zzhlp013.o
a - zzhlp014.o
a - zzhlp015.o
a - zzhlp016.o
a - zzhlp017.o
a - zzhlp018.o
a - zzhlp019.o
a - zzhlp020.o
a - zzhlp021.o
a - zzhlp022.o
a - zzhlp023.o
a - zzhlp024.o
a - zzhlp025.o
a - zzhlp026.o
a - zzhlp027.o
a - zzhlp028.o
a - zzhlp029.o
a - zzhlp030.o
a - zzhlp031.o
a - zzhlp032.o
 
 
      Compiling and linking:  inspekt.px
 

Creating mkspk_c

 
 
      Setting default compiler:
gcc
 
      Setting default compile options:
      -c -ansi -m64 -O2 -DNON_UNIX_STDIO
 
      Setting default link options:
      -lm -m64
 
      Compiling:  chckdo.c
      Compiling:  cmlarg.c
      Compiling:  mkspk_main.c
      Compiling:  parsdo.c
      Compiling:  redbuf.c
      Compiling:  reorbd.c
      Compiling:  reorbi.c
      Compiling:  setelm.c
      Compiling:  setup.c
      Compiling:  tle2spk.c
 
      Inserting objects in the library locallib ...
a - chckdo.o
a - cmlarg.o
a - mkspk_main.o
a - parsdo.o
a - redbuf.o
a - reorbd.o
a - reorbi.o
a - setelm.o
a - setup.o
a - tle2spk.o
 
 
      Compiling and linking:  mkspk.px
 

Creating msopck_c

 
 
      Setting default compiler:
gcc
 
      Setting default compile options:
      -c -ansi -m64 -O2 -DNON_UNIX_STDIO
 
      Setting default link options:
      -lm -m64
 
      Compiling:  linrot_m.c
      Compiling:  mkfclk.c
      Compiling:  msopck_main.c
      Compiling:  zzmckdmp.c
 
      Inserting objects in the library locallib ...
a - linrot_m.o
a - mkfclk.o
a - msopck_main.o
a - zzmckdmp.o
 
 
      Compiling and linking:  msopck.px
 

Creating spacit_c

 
 
      Setting default compiler:
gcc
 
      Setting default compile options:
      -c -ansi -m64 -O2 -DNON_UNIX_STDIO
 
      Setting default link options:
      -lm -m64
 
      Compiling:  ckgss.c
      Compiling:  ckwss.c
      Compiling:  getchr.c
      Compiling:  getint.c
      Compiling:  pckgss.c
      Compiling:  pckwss.c
      Compiling:  spab2t.c
      Compiling:  spacit_main.c
      Compiling:  spalog.c
      Compiling:  spardc.c
      Compiling:  spasum.c
      Compiling:  spat2b.c
      Compiling:  spkgss.c
      Compiling:  spkwss.c
      Compiling:  sumck.c
      Compiling:  sumek.c
      Compiling:  sumpck.c
      Compiling:  sumspk.c
      Compiling:  zzconvtb.c
 
      Inserting objects in the library locallib ...
a - ckgss.o
a - ckwss.o
a - getchr.o
a - getint.o
a - pckgss.o
a - pckwss.o
a - spab2t.o
a - spacit_main.o
a - spalog.o
a - spardc.o
a - spasum.o
a - spat2b.o
a - spkgss.o
a - spkwss.o
a - sumck.o
a - sumek.o
a - sumpck.o
a - sumspk.o
a - zzconvtb.o
 
 
      Compiling and linking:  spacit.px
 

Creating spkdif_c

 
 
      Setting default compiler:
gcc
 
      Setting default compile options:
      -c -ansi -m64 -O2 -DNON_UNIX_STDIO
 
      Setting default link options:
      -lm -m64
 
      Compiling:  chwcml.c
      Compiling:  parcml.c
      Compiling:  spkdiff_main.c
      Compiling:  stdiff.c
      Compiling:  zzgeoseg.c
 
      Inserting objects in the library locallib ...
a - chwcml.o
a - parcml.o
a - spkdiff_main.o
a - stdiff.o
a - zzgeoseg.o
 
 
      Compiling and linking:  spkdiff.px
 

Creating spkmrg_c

 
 
      Setting default compiler:
gcc
 
      Setting default compile options:
      -c -ansi -m64 -O2 -DNON_UNIX_STDIO
 
      Setting default link options:
      -lm -m64
 
      Compiling:  cparse_2.c
      Compiling:  rdcmd.c
      Compiling:  spkmerge_main.c
      Compiling:  wrdnln.c
 
      Inserting objects in the library locallib ...
a - cparse_2.o
a - rdcmd.o
a - spkmerge_main.o
a - wrdnln.o
 
 
      Compiling and linking:  spkmerge.px
 

Creating tobin_c

 
 
      Setting default compiler:
gcc
 
      Setting default compile options:
      -c -ansi -m64 -O2 -DNON_UNIX_STDIO
 
      Setting default link options:
      -lm -m64
 
      Compiling:  tobin_main.c
      Compiling:  zzconvtb.c
 
      Inserting objects in the library locallib ...
a - tobin_main.o
a - zzconvtb.o
 
 
      Compiling and linking:  tobin.px
 

Creating toxfr_c

 
 
      Setting default compiler:
gcc
 
      Setting default compile options:
      -c -ansi -m64 -O2 -DNON_UNIX_STDIO
 
      Setting default link options:
      -lm -m64
 
      Compiling:  toxfr_main.c
 
      Inserting objects in the library locallib ...
a - toxfr_main.o
 
 
      Compiling and linking:  toxfr.px
 

Creating versn_c

 
 
      Setting default compiler:
gcc
 
      Setting default compile options:
      -c -ansi -m64 -O2 -DNON_UNIX_STDIO
 
      Setting default link options:
      -lm -m64
 
      Compiling:  version_main.c
 
      Inserting objects in the library locallib ...
a - version_main.o
 
 
      Compiling and linking:  version.px
 
Toolkit Build Complete
Finished compiling SPICE in /home/hido/Development/GMAT/cspice
